SF:Z:\Users\evan\Developer\Rain\Rain.Engine\Color.cs
FN:33,System.Single Rain.Engine.Color::get_R()
FNDA:0,System.Single Rain.Engine.Color::get_R()
DA:34,0
FN:42,System.Single Rain.Engine.Color::get_G()
FNDA:0,System.Single Rain.Engine.Color::get_G()
DA:43,0
FN:51,System.Single Rain.Engine.Color::get_B()
FNDA:0,System.Single Rain.Engine.Color::get_B()
DA:52,0
FN:60,System.Single Rain.Engine.Color::get_A()
FNDA:0,System.Single Rain.Engine.Color::get_A()
DA:61,0
FN:69,System.Single[] Rain.Engine.Color::get_Array()
FNDA:0,System.Single[] Rain.Engine.Color::get_Array()
DA:70,0
FN:178,OpenTK.Mathematics.Color4 Rain.Engine.Color::ToColor4()
FNDA:0,OpenTK.Mathematics.Color4 Rain.Engine.Color::ToColor4()
DA:179,0
FN:180,Rain.Engine.Color Rain.Engine.Color::op_Addition(Rain.Engine.Color,Rain.Engine.Color)
FNDA:0,Rain.Engine.Color Rain.Engine.Color::op_Addition(Rain.Engine.Color,Rain.Engine.Color)
DA:181,0
FN:182,Rain.Engine.Color Rain.Engine.Color::op_Subtraction(Rain.Engine.Color,Rain.Engine.Color)
FNDA:0,Rain.Engine.Color Rain.Engine.Color::op_Subtraction(Rain.Engine.Color,Rain.Engine.Color)
DA:183,0
FN:184,Rain.Engine.Color Rain.Engine.Color::op_Multiply(Rain.Engine.Color,Rain.Engine.Color)
FNDA:0,Rain.Engine.Color Rain.Engine.Color::op_Multiply(Rain.Engine.Color,Rain.Engine.Color)
DA:185,0
FN:186,Rain.Engine.Color Rain.Engine.Color::op_Division(Rain.Engine.Color,Rain.Engine.Color)
FNDA:0,Rain.Engine.Color Rain.Engine.Color::op_Division(Rain.Engine.Color,Rain.Engine.Color)
DA:187,0
FN:87,System.Void Rain.Engine.Color::.ctor(System.Single,System.Single,System.Single)
FNDA:0,System.Void Rain.Engine.Color::.ctor(System.Single,System.Single,System.Single)
DA:88,0
DA:89,0
DA:90,0
DA:91,0
DA:92,0
DA:93,0
FN:114,System.Void Rain.Engine.Color::.ctor(System.Single,System.Single,System.Single,System.Single)
FNDA:0,System.Void Rain.Engine.Color::.ctor(System.Single,System.Single,System.Single,System.Single)
DA:115,0
DA:116,0
DA:117,0
DA:118,0
DA:119,0
DA:120,0
FN:137,System.Void Rain.Engine.Color::.ctor(System.Byte,System.Byte,System.Byte)
FNDA:0,System.Void Rain.Engine.Color::.ctor(System.Byte,System.Byte,System.Byte)
DA:138,0
DA:139,0
DA:140,0
DA:141,0
DA:142,0
DA:143,0
FN:164,System.Void Rain.Engine.Color::.ctor(System.Byte,System.Byte,System.Byte,System.Byte)
FNDA:0,System.Void Rain.Engine.Color::.ctor(System.Byte,System.Byte,System.Byte,System.Byte)
DA:165,0
DA:166,0
DA:167,0
DA:168,0
DA:169,0
DA:170,0
LF:34
LH:0
BRF:0
BRH:0
FNF:14
FNH:0
end_of_record
SF:Z:\Users\evan\Developer\Rain\Rain.Engine\GameWindow.cs
FN:24,Rain.Engine.Scene Rain.Engine.GameWindow::get_ActiveScene()
FNDA:0,Rain.Engine.Scene Rain.Engine.GameWindow::get_ActiveScene()
DA:25,0
FN:73,System.Void Rain.Engine.GameWindow::OnResize(OpenTK.Windowing.Common.ResizeEventArgs)
FNDA:0,System.Void Rain.Engine.GameWindow::OnResize(OpenTK.Windowing.Common.ResizeEventArgs)
DA:74,0
DA:75,0
DA:76,0
DA:77,0
FN:79,System.Void Rain.Engine.GameWindow::OnLoad()
FNDA:0,System.Void Rain.Engine.GameWindow::OnLoad()
DA:80,0
DA:81,0
DA:83,0
DA:85,0
DA:90,0
DA:93,0
DA:94,0
DA:95,0
FN:97,System.Void Rain.Engine.GameWindow::OnUnload()
FNDA:0,System.Void Rain.Engine.GameWindow::OnUnload()
DA:98,0
DA:99,0
DA:100,0
DA:101,0
DA:102,0
FN:104,System.Void Rain.Engine.GameWindow::OnUpdateFrame(OpenTK.Windowing.Common.FrameEventArgs)
FNDA:0,System.Void Rain.Engine.GameWindow::OnUpdateFrame(OpenTK.Windowing.Common.FrameEventArgs)
DA:105,0
DA:106,0
DA:107,0
FN:109,System.Void Rain.Engine.GameWindow::OnRenderFrame(OpenTK.Windowing.Common.FrameEventArgs)
FNDA:0,System.Void Rain.Engine.GameWindow::OnRenderFrame(OpenTK.Windowing.Common.FrameEventArgs)
DA:110,0
DA:111,0
DA:112,0
DA:114,0
DA:116,0
DA:118,0
DA:119,0
DA:120,0
FN:32,System.Void Rain.Engine.GameWindow::.ctor(Rain.Engine.GameOptions)
FNDA:0,System.Void Rain.Engine.GameWindow::.ctor(Rain.Engine.GameOptions)
DA:33,0
DA:34,0
DA:35,0
DA:36,0
DA:37,0
DA:38,0
DA:39,0
DA:40,0
DA:41,0
DA:42,0
DA:43,0
DA:44,0
DA:45,0
DA:46,0
DA:47,0
DA:48,0
DA:49,0
DA:50,0
DA:51,0
DA:53,0
DA:54,0
DA:56,0
DA:57,0
DA:58,0
DA:59,0
DA:60,0
DA:62,0
DA:64,0
DA:65,0
DA:66,0
DA:67,0
DA:68,0
DA:70,0
DA:71,0
BRDA:33,81,0,0
BRDA:33,81,1,0
BRDA:33,129,0,0
BRDA:33,129,1,0
BRDA:33,162,0,0
BRDA:33,162,1,0
BRDA:50,231,0,0
BRDA:50,231,1,0
BRDA:54,286,0,0
BRDA:54,286,1,0
LF:63
LH:0
BRF:10
BRH:0
FNF:7
FNH:0
end_of_record
SF:Z:\Users\evan\Developer\Rain\Rain.Engine\Scene.cs
FN:35,System.Span`1<System.Single> Rain.Engine.Scene::get_VertexMemorySpan()
FNDA:0,System.Span`1<System.Single> Rain.Engine.Scene::get_VertexMemorySpan()
DA:36,0
FN:40,System.Span`1<System.UInt32> Rain.Engine.Scene::get_ElementMemorySpan()
FNDA:0,System.Span`1<System.UInt32> Rain.Engine.Scene::get_ElementMemorySpan()
DA:41,0
FN:45,Rain.Engine.Rendering.IRenderable[] Rain.Engine.Scene::get_Models()
FNDA:0,Rain.Engine.Rendering.IRenderable[] Rain.Engine.Scene::get_Models()
DA:46,0
FN:171,System.IntPtr Rain.Engine.Scene::GetPointer(Rain.Engine.Buffering.BufferType)
FNDA:0,System.IntPtr Rain.Engine.Scene::GetPointer(Rain.Engine.Buffering.BufferType)
DA:172,0
DA:173,0
DA:174,0
DA:176,0
DA:177,0
BRDA:173,11,0,0
BRDA:173,11,1,0
FN:190,System.Void Rain.Engine.Scene::Draw(Rain.Engine.Buffering.BufferGroup,Rain.Engine.ShaderProgram)
FNDA:0,System.Void Rain.Engine.Scene::Draw(Rain.Engine.Buffering.BufferGroup,Rain.Engine.ShaderProgram)
DA:191,0
DA:192,0
DA:193,0
DA:194,0
DA:195,0
DA:196,0
DA:197,0
DA:199,0
DA:200,0
DA:202,0
DA:203,0
DA:204,0
DA:205,0
DA:206,0
DA:207,0
DA:209,0
DA:210,0
DA:212,0
DA:213,0
DA:214,0
DA:216,0
DA:218,0
DA:219,0
DA:220,0
DA:221,0
DA:223,0
DA:224,0
DA:225,0
DA:226,0
DA:227,0
DA:228,0
BRDA:192,788,1,0
BRDA:194,763,1,0
BRDA:202,527,1,0
BRDA:204,175,0,0
BRDA:206,228,0,0
BRDA:206,228,1,0
BRDA:209,333,0,0
BRDA:209,333,1,0
BRDA:204,175,1,0
BRDA:202,512,0,0
BRDA:202,512,1,0
BRDA:202,527,0,0
BRDA:218,724,1,0
BRDA:223,608,0,0
BRDA:223,608,1,0
BRDA:218,709,0,0
BRDA:218,709,1,0
BRDA:218,724,0,0
BRDA:194,763,0,0
BRDA:192,788,0,0
FN:234,System.Void Rain.Engine.Scene::Dispose()
FNDA:0,System.Void Rain.Engine.Scene::Dispose()
DA:235,0
DA:236,0
DA:237,0
DA:238,0
FN:240,System.Void Rain.Engine.Scene::Dispose(System.Boolean)
FNDA:0,System.Void Rain.Engine.Scene::Dispose(System.Boolean)
DA:241,0
DA:242,0
DA:243,0
DA:245,0
DA:246,0
DA:247,0
DA:248,0
DA:249,0
DA:251,0
DA:252,0
BRDA:242,9,1,0
BRDA:245,16,0,0
BRDA:245,16,1,0
BRDA:242,9,0,0
FN:253,System.Void Rain.Engine.Scene::Finalize()
FNDA:0,System.Void Rain.Engine.Scene::Finalize()
DA:254,0
FN:54,System.Void Rain.Engine.Scene::.ctor(Rain.Engine.Rendering.IRenderable[])
FNDA:0,System.Void Rain.Engine.Scene::.ctor(Rain.Engine.Rendering.IRenderable[])
DA:55,0
DA:56,0
DA:57,0
DA:58,0
DA:59,0
DA:61,0
DA:62,0
DA:64,0
DA:65,0
DA:66,0
DA:67,0
DA:68,0
DA:70,0
DA:71,0
DA:73,0
DA:74,0
DA:76,0
DA:77,0
DA:78,0
DA:79,0
DA:81,0
DA:83,0
DA:84,0
DA:86,0
DA:87,0
DA:89,0
DA:90,0
DA:91,0
DA:93,0
DA:94,0
DA:96,0
DA:97,0
DA:98,0
DA:232,0
BRDA:64,86,1,0
BRDA:64,86,0,0
BRDA:76,314,1,0
BRDA:83,217,1,0
BRDA:83,217,0,0
BRDA:86,273,1,0
BRDA:86,273,0,0
BRDA:76,314,0,0
FN:110,System.Void Rain.Engine.Scene::.ctor(Rain.Engine.Rendering.IRenderable[],Rain.Engine.Texturing.Texture[])
FNDA:0,System.Void Rain.Engine.Scene::.ctor(Rain.Engine.Rendering.IRenderable[],Rain.Engine.Texturing.Texture[])
DA:111,0
DA:112,0
DA:113,0
DA:115,0
DA:116,0
DA:118,0
DA:119,0
DA:121,0
DA:122,0
DA:124,0
DA:125,0
DA:126,0
DA:127,0
DA:128,0
DA:130,0
DA:131,0
DA:133,0
DA:134,0
DA:136,0
DA:137,0
DA:138,0
DA:139,0
DA:141,0
DA:143,0
DA:144,0
DA:146,0
DA:147,0
DA:149,0
DA:150,0
DA:151,0
DA:153,0
DA:154,0
DA:156,0
DA:157,0
DA:158,0
BRDA:115,38,0,0
BRDA:115,38,1,0
BRDA:124,114,1,0
BRDA:124,114,0,0
BRDA:136,342,1,0
BRDA:143,245,1,0
BRDA:143,245,0,0
BRDA:146,301,1,0
BRDA:146,301,0,0
BRDA:136,342,0,0
LF:123
LH:0
BRF:44
BRH:0
FNF:10
FNH:0
end_of_record
SF:Z:\Users\evan\Developer\Rain\Rain.Engine\ShaderComponent.cs
FN:19,System.Int32 Rain.Engine.ShaderComponent::get_Handle()
FNDA:0,System.Int32 Rain.Engine.ShaderComponent::get_Handle()
DA:20,0
FN:28,Rain.Engine.ShaderCompenentType Rain.Engine.ShaderComponent::get_Type()
FNDA:0,Rain.Engine.ShaderCompenentType Rain.Engine.ShaderComponent::get_Type()
DA:29,0
FN:60,System.Void Rain.Engine.ShaderComponent::Dispose()
FNDA:0,System.Void Rain.Engine.ShaderComponent::Dispose()
DA:61,0
DA:62,0
DA:63,0
DA:64,0
FN:66,System.Void Rain.Engine.ShaderComponent::Dispose(System.Boolean)
FNDA:0,System.Void Rain.Engine.ShaderComponent::Dispose(System.Boolean)
DA:67,0
DA:68,0
DA:69,0
DA:71,0
DA:72,0
DA:74,0
DA:75,0
BRDA:68,9,1,0
BRDA:71,16,0,0
BRDA:71,16,1,0
BRDA:68,9,0,0
FN:76,System.Void Rain.Engine.ShaderComponent::Finalize()
FNDA:0,System.Void Rain.Engine.ShaderComponent::Finalize()
DA:77,0
FN:41,System.Void Rain.Engine.ShaderComponent::.ctor(Rain.Engine.ShaderCompenentType,System.String)
FNDA:0,System.Void Rain.Engine.ShaderComponent::.ctor(Rain.Engine.ShaderCompenentType,System.String)
DA:42,0
DA:43,0
DA:44,0
DA:46,0
DA:47,0
DA:48,0
DA:50,0
DA:52,0
DA:53,0
DA:54,0
DA:58,0
BRDA:52,94,0,0
BRDA:52,94,1,0
LF:25
LH:0
BRF:6
BRH:0
FNF:6
FNH:0
end_of_record
SF:Z:\Users\evan\Developer\Rain\Rain.Engine\ShaderProgram.cs
FN:19,System.Int32 Rain.Engine.ShaderProgram::get_Handle()
FNDA:0,System.Int32 Rain.Engine.ShaderProgram::get_Handle()
DA:20,0
FN:55,System.Int32 Rain.Engine.ShaderProgram::GetAttributeHandleByName(System.String)
FNDA:0,System.Int32 Rain.Engine.ShaderProgram::GetAttributeHandleByName(System.String)
DA:56,0
FN:69,Rain.Engine.Uniform Rain.Engine.ShaderProgram::GetUniformByName(System.String)
FNDA:0,Rain.Engine.Uniform Rain.Engine.ShaderProgram::GetUniformByName(System.String)
DA:70,0
DA:71,0
DA:72,0
DA:74,0
DA:75,0
DA:76,0
DA:77,0
DA:79,0
DA:80,0
DA:81,0
DA:83,0
DA:84,0
BRDA:74,99,1,0
BRDA:79,73,0,0
BRDA:79,73,1,0
BRDA:74,99,0,0
FN:93,Rain.Engine.Uniform[] Rain.Engine.ShaderProgram::GetUniforms()
FNDA:0,Rain.Engine.Uniform[] Rain.Engine.ShaderProgram::GetUniforms()
DA:94,0
DA:95,0
DA:96,0
DA:98,0
DA:99,0
DA:100,0
DA:101,0
DA:102,0
DA:103,0
DA:105,0
DA:106,0
BRDA:98,87,1,0
BRDA:98,87,0,0
FN:110,System.Void Rain.Engine.ShaderProgram::Use()
FNDA:0,System.Void Rain.Engine.ShaderProgram::Use()
DA:111,0
FN:115,System.Void Rain.Engine.ShaderProgram::StopUsing()
FNDA:0,System.Void Rain.Engine.ShaderProgram::StopUsing()
DA:116,0
FN:122,System.Void Rain.Engine.ShaderProgram::Dispose()
FNDA:0,System.Void Rain.Engine.ShaderProgram::Dispose()
DA:123,0
DA:124,0
DA:125,0
DA:126,0
FN:128,System.Void Rain.Engine.ShaderProgram::Dispose(System.Boolean)
FNDA:0,System.Void Rain.Engine.ShaderProgram::Dispose(System.Boolean)
DA:129,0
DA:130,0
DA:131,0
DA:133,0
DA:134,0
DA:135,0
DA:136,0
DA:137,0
DA:139,0
DA:140,0
BRDA:130,9,1,0
BRDA:133,16,0,0
BRDA:133,16,1,0
BRDA:130,9,0,0
FN:141,System.Void Rain.Engine.ShaderProgram::Finalize()
FNDA:0,System.Void Rain.Engine.ShaderProgram::Finalize()
DA:142,0
FN:28,System.Void Rain.Engine.ShaderProgram::.ctor(Rain.Engine.ShaderComponent[])
FNDA:0,System.Void Rain.Engine.ShaderProgram::.ctor(Rain.Engine.ShaderComponent[])
DA:29,0
DA:30,0
DA:31,0
DA:33,0
DA:34,0
DA:36,0
DA:38,0
DA:39,0
DA:40,0
DA:41,0
DA:42,0
DA:43,0
DA:120,0
BRDA:33,62,1,0
BRDA:33,62,0,0
BRDA:38,123,1,0
BRDA:38,123,0,0
LF:55
LH:0
BRF:14
BRH:0
FNF:10
FNH:0
end_of_record
SF:Z:\Users\evan\Developer\Rain\Rain.Engine\Uniform.cs
FN:22,System.Int32 Rain.Engine.Uniform::get_Handle()
FNDA:0,System.Int32 Rain.Engine.Uniform::get_Handle()
DA:23,0
FN:27,System.String Rain.Engine.Uniform::get_Name()
FNDA:0,System.String Rain.Engine.Uniform::get_Name()
DA:28,0
FN:71,System.Void Rain.Engine.Uniform::SetToTexture(Rain.Engine.Texturing.Texture)
FNDA:0,System.Void Rain.Engine.Uniform::SetToTexture(Rain.Engine.Texturing.Texture)
DA:72,0
FN:81,System.Void Rain.Engine.Uniform::SetToFloat(System.Single)
FNDA:0,System.Void Rain.Engine.Uniform::SetToFloat(System.Single)
DA:82,0
FN:40,System.Void Rain.Engine.Uniform::.ctor(System.String,System.Int32)
FNDA:0,System.Void Rain.Engine.Uniform::.ctor(System.String,System.Int32)
DA:41,0
DA:42,0
DA:43,0
DA:44,0
DA:45,0
FN:57,System.Void Rain.Engine.Uniform::.ctor(System.Int32,System.String)
FNDA:0,System.Void Rain.Engine.Uniform::.ctor(System.Int32,System.String)
DA:58,0
DA:59,0
DA:60,0
DA:61,0
DA:62,0
LF:14
LH:0
BRF:0
BRH:0
FNF:6
FNH:0
end_of_record
SF:Z:\Users\evan\Developer\Rain\Rain.Engine\Texturing\EfficientTextureArrayGroup.cs
FN:18,Rain.Engine.Texturing.Texture[] Rain.Engine.Texturing.EfficientTextureArrayGroup::get_Item(System.Int32)
FNDA:0,Rain.Engine.Texturing.Texture[] Rain.Engine.Texturing.EfficientTextureArrayGroup::get_Item(System.Int32)
DA:19,0
DA:22,0
DA:23,0
DA:25,0
DA:26,0
DA:28,0
DA:30,0
DA:32,0
DA:33,0
DA:35,0
DA:36,0
BRDA:22,17,0,0
BRDA:22,17,1,0
BRDA:25,40,0,0
BRDA:25,40,1,0
BRDA:32,140,1,0
BRDA:32,140,0,0
FN:45,System.Void Rain.Engine.Texturing.EfficientTextureArrayGroup::.ctor(Rain.Engine.Texturing.Texture[][])
FNDA:0,System.Void Rain.Engine.Texturing.EfficientTextureArrayGroup::.ctor(Rain.Engine.Texturing.Texture[][])
DA:46,0
DA:47,0
DA:48,0
DA:49,0
DA:51,0
DA:53,0
DA:54,0
DA:55,0
DA:56,0
DA:58,0
DA:59,0
DA:60,0
DA:62,0
DA:63,0
BRDA:53,101,1,0
BRDA:55,67,1,0
BRDA:55,67,0,0
BRDA:53,101,0,0
LF:25
LH:0
BRF:10
BRH:0
FNF:2
FNH:0
end_of_record
SF:Z:\Users\evan\Developer\Rain\Rain.Engine\Texturing\EfficientTextureGroup.cs
FN:22,Rain.Engine.Texturing.Texture Rain.Engine.Texturing.EfficientTextureGroup::get_Item(System.Int32)
FNDA:12,Rain.Engine.Texturing.Texture Rain.Engine.Texturing.EfficientTextureGroup::get_Item(System.Int32)
DA:23,12
FN:25,System.Void Rain.Engine.Texturing.EfficientTextureGroup::set_Item(System.Int32,Rain.Engine.Texturing.Texture)
FNDA:0,System.Void Rain.Engine.Texturing.EfficientTextureGroup::set_Item(System.Int32,Rain.Engine.Texturing.Texture)
DA:26,0
DA:27,0
DA:28,0
DA:36,0
DA:37,0
DA:38,0
DA:39,0
DA:40,0
DA:48,0
DA:49,0
DA:50,0
DA:51,0
DA:54,0
DA:55,0
DA:60,0
DA:61,0
DA:62,0
DA:63,0
DA:64,0
DA:68,0
DA:69,0
DA:70,0
DA:71,0
BRDA:27,17,0,0
BRDA:27,17,1,0
BRDA:36,41,0,0
BRDA:36,41,1,0
BRDA:48,191,1,0
BRDA:50,85,0,0
BRDA:60,168,1,0
BRDA:61,134,0,0
BRDA:61,134,1,0
BRDA:60,168,0,0
BRDA:50,85,1,0
BRDA:48,191,0,0
FN:73,System.Int32 Rain.Engine.Texturing.EfficientTextureGroup::get_Length()
FNDA:0,System.Int32 Rain.Engine.Texturing.EfficientTextureGroup::get_Length()
DA:74,0
FN:82,System.Void Rain.Engine.Texturing.EfficientTextureGroup::.ctor(Rain.Engine.Texturing.Texture[])
FNDA:1,System.Void Rain.Engine.Texturing.EfficientTextureGroup::.ctor(Rain.Engine.Texturing.Texture[])
DA:83,1
DA:84,1
DA:85,1
DA:86,1
DA:90,26
DA:91,12
DA:93,12
DA:94,4
DA:95,4
DA:96,4
DA:100,62
DA:101,27
DA:102,27
DA:103,8
DA:104,8
DA:105,8
DA:106,8
DA:107,27
DA:108,4
DA:109,12
DA:110,1
BRDA:90,182,1,12
BRDA:93,54,0,4
BRDA:100,159,1,27
BRDA:102,95,0,8
BRDA:102,95,1,19
BRDA:102,113,0,8
BRDA:102,113,1,27
BRDA:100,159,0,4
BRDA:93,54,1,12
BRDA:90,182,0,1
LF:46
LH:22
BRF:22
BRH:10
FNF:4
FNH:2
end_of_record
SF:Z:\Users\evan\Developer\Rain\Rain.Engine\Texturing\Texture.cs
FN:34,System.Int32 Rain.Engine.Texturing.Texture::get_Handle()
FNDA:12,System.Int32 Rain.Engine.Texturing.Texture::get_Handle()
DA:35,12
FN:43,Rain.Engine.Texturing.TextureUnit Rain.Engine.Texturing.Texture::get_Unit()
FNDA:12,Rain.Engine.Texturing.TextureUnit Rain.Engine.Texturing.Texture::get_Unit()
DA:44,12
FN:51,System.Byte[] Rain.Engine.Texturing.Texture::get_Image()
FNDA:0,System.Byte[] Rain.Engine.Texturing.Texture::get_Image()
DA:52,0
DA:53,0
DA:54,0
DA:56,0
DA:57,0
DA:58,0
DA:60,0
DA:61,0
DA:62,0
DA:63,0
DA:64,0
DA:66,0
DA:67,0
BRDA:56,132,1,0
BRDA:56,132,0,0
FN:72,System.Int32 Rain.Engine.Texturing.Texture::get_Width()
FNDA:0,System.Int32 Rain.Engine.Texturing.Texture::get_Width()
DA:73,0
FN:77,System.Int32 Rain.Engine.Texturing.Texture::get_Height()
FNDA:0,System.Int32 Rain.Engine.Texturing.Texture::get_Height()
DA:78,0
FN:82,System.Single Rain.Engine.Texturing.Texture::get_Opacity()
FNDA:12,System.Single Rain.Engine.Texturing.Texture::get_Opacity()
DA:83,12
FN:87,System.Boolean Rain.Engine.Texturing.Texture::get_IsEmpty()
FNDA:51,System.Boolean Rain.Engine.Texturing.Texture::get_IsEmpty()
DA:88,51
FN:96,System.Boolean Rain.Engine.Texturing.Texture::get_IsUploaded()
FNDA:113,System.Boolean Rain.Engine.Texturing.Texture::get_IsUploaded()
DA:97,113
FN:273,System.Void Rain.Engine.Texturing.Texture::Upload(Rain.Engine.Texturing.TextureUnit,Rain.Engine.Uniform)
FNDA:0,System.Void Rain.Engine.Texturing.Texture::Upload(Rain.Engine.Texturing.TextureUnit,Rain.Engine.Uniform)
DA:274,0
DA:275,0
DA:276,0
DA:278,0
DA:279,0
DA:280,0
DA:281,0
DA:283,0
DA:284,0
DA:285,0
DA:286,0
DA:288,0
DA:289,0
DA:291,0
DA:293,0
DA:294,0
DA:295,0
BRDA:275,9,1,0
BRDA:275,9,0,0
FN:304,System.Void Rain.Engine.Texturing.Texture::Bind(System.Boolean)
FNDA:0,System.Void Rain.Engine.Texturing.Texture::Bind(System.Boolean)
DA:305,0
DA:306,0
DA:307,0
DA:309,0
DA:310,0
DA:311,0
BRDA:306,2,0,0
BRDA:306,2,1,0
BRDA:306,15,0,0
BRDA:306,15,1,0
FN:320,System.Void Rain.Engine.Texturing.Texture::Unbind(System.Boolean)
FNDA:0,System.Void Rain.Engine.Texturing.Texture::Unbind(System.Boolean)
DA:321,0
DA:322,0
DA:323,0
DA:325,0
DA:326,0
DA:327,0
BRDA:322,2,0,0
BRDA:322,2,1,0
BRDA:322,15,0,0
BRDA:322,15,1,0
FN:332,System.Void Rain.Engine.Texturing.Texture::ReserveHandle()
FNDA:0,System.Void Rain.Engine.Texturing.Texture::ReserveHandle()
DA:333,0
DA:334,0
DA:335,0
DA:337,0
DA:338,0
BRDA:334,15,0,0
BRDA:334,15,1,0
FN:340,System.Int32 Rain.Engine.Texturing.Texture::GetHashCode()
FNDA:0,System.Int32 Rain.Engine.Texturing.Texture::GetHashCode()
DA:341,0
FN:343,System.Boolean Rain.Engine.Texturing.Texture::Equals(Rain.Engine.Texturing.Texture)
FNDA:39,System.Boolean Rain.Engine.Texturing.Texture::Equals(Rain.Engine.Texturing.Texture)
DA:344,39
DA:345,39
DA:346,0
DA:348,39
DA:349,0
DA:351,39
DA:352,8
DA:354,31
DA:355,10944062
DA:356,5472011
DA:357,11
DA:359,20
DA:360,39
BRDA:345,7,0,0
BRDA:345,7,1,39
BRDA:345,20,0,0
BRDA:345,20,1,39
BRDA:348,35,0,0
BRDA:348,35,1,39
BRDA:348,48,0,0
BRDA:348,48,1,39
BRDA:351,117,0,8
BRDA:351,117,1,31
BRDA:354,132,0,31
BRDA:354,132,1,0
BRDA:354,150,0,31
BRDA:355,260,1,5472011
BRDA:356,220,0,11
BRDA:356,220,1,5472000
BRDA:354,150,1,20
BRDA:355,260,0,20
FN:362,System.Boolean Rain.Engine.Texturing.Texture::Equals(System.Object)
FNDA:0,System.Boolean Rain.Engine.Texturing.Texture::Equals(System.Object)
DA:363,0
DA:364,0
DA:365,0
DA:367,0
DA:368,0
DA:370,0
DA:371,0
BRDA:364,7,0,0
BRDA:364,7,1,0
BRDA:367,36,0,0
BRDA:367,36,1,0
FN:372,System.Boolean Rain.Engine.Texturing.Texture::op_Equality(Rain.Engine.Texturing.Texture,Rain.Engine.Texturing.Texture)
FNDA:39,System.Boolean Rain.Engine.Texturing.Texture::op_Equality(Rain.Engine.Texturing.Texture,Rain.Engine.Texturing.Texture)
DA:373,39
FN:374,System.Boolean Rain.Engine.Texturing.Texture::op_Inequality(Rain.Engine.Texturing.Texture,Rain.Engine.Texturing.Texture)
FNDA:0,System.Boolean Rain.Engine.Texturing.Texture::op_Inequality(Rain.Engine.Texturing.Texture,Rain.Engine.Texturing.Texture)
DA:375,0
FN:381,System.Void Rain.Engine.Texturing.Texture::Dispose()
FNDA:0,System.Void Rain.Engine.Texturing.Texture::Dispose()
DA:382,0
DA:383,0
DA:384,0
DA:385,0
FN:387,System.Void Rain.Engine.Texturing.Texture::Dispose(System.Boolean)
FNDA:0,System.Void Rain.Engine.Texturing.Texture::Dispose(System.Boolean)
DA:388,0
DA:389,0
DA:390,0
DA:392,0
DA:393,0
DA:394,0
DA:395,0
DA:396,0
DA:397,0
DA:398,0
DA:399,0
DA:400,0
DA:402,0
DA:403,0
BRDA:389,9,1,0
BRDA:392,16,0,0
BRDA:394,27,0,0
BRDA:394,27,1,0
BRDA:392,16,1,0
BRDA:389,9,0,0
FN:404,System.Void Rain.Engine.Texturing.Texture::Finalize()
FNDA:0,System.Void Rain.Engine.Texturing.Texture::Finalize()
DA:405,0
FN:101,System.Void Rain.Engine.Texturing.Texture::.ctor()
FNDA:8,System.Void Rain.Engine.Texturing.Texture::.ctor()
DA:102,8
DA:103,8
DA:104,8
DA:105,8
DA:106,8
DA:107,8
DA:109,8
DA:110,16
DA:112,8
DA:113,8
DA:114,8
DA:116,8
DA:117,8
DA:118,8
DA:119,16
DA:379,12
FN:127,System.Void Rain.Engine.Texturing.Texture::.ctor(System.String)
FNDA:4,System.Void Rain.Engine.Texturing.Texture::.ctor(System.String)
DA:128,4
DA:129,4
DA:130,4
DA:131,4
DA:132,4
DA:133,4
DA:135,4
DA:136,8
DA:138,4
DA:139,4
DA:140,4
DA:142,4
DA:143,4
DA:144,4
DA:146,4
DA:147,4
DA:148,4
DA:149,4
DA:150,4
DA:151,4
DA:152,8
FN:164,System.Void Rain.Engine.Texturing.Texture::.ctor(System.String,Rain.Engine.Texturing.TextureOptions)
FNDA:0,System.Void Rain.Engine.Texturing.Texture::.ctor(System.String,Rain.Engine.Texturing.TextureOptions)
DA:165,0
DA:166,0
DA:167,0
DA:168,0
DA:169,0
DA:170,0
DA:172,0
DA:173,0
DA:175,0
DA:176,0
DA:177,0
DA:179,0
DA:180,0
DA:181,0
DA:182,0
DA:183,0
FN:195,System.Void Rain.Engine.Texturing.Texture::.ctor(System.String,System.Single)
FNDA:0,System.Void Rain.Engine.Texturing.Texture::.ctor(System.String,System.Single)
DA:196,0
DA:197,0
DA:198,0
DA:199,0
DA:200,0
DA:201,0
DA:203,0
DA:204,0
DA:206,0
DA:207,0
DA:208,0
DA:210,0
DA:211,0
DA:212,0
DA:214,0
DA:215,0
DA:216,0
DA:217,0
DA:218,0
DA:219,0
DA:220,0
FN:236,System.Void Rain.Engine.Texturing.Texture::.ctor(System.String,Rain.Engine.Texturing.TextureOptions,System.Single)
FNDA:0,System.Void Rain.Engine.Texturing.Texture::.ctor(System.String,Rain.Engine.Texturing.TextureOptions,System.Single)
DA:237,0
DA:238,0
DA:239,0
DA:240,0
DA:241,0
DA:242,0
DA:244,0
DA:245,0
DA:247,0
DA:248,0
DA:249,0
DA:251,0
DA:252,0
DA:253,0
DA:254,0
DA:255,0
LF:186
LH:54
BRF:42
BRH:13
FNF:25
FNH:9
end_of_record
SF:Z:\Users\evan\Developer\Rain\Rain.Engine\Texturing\TexturedFace.cs
FN:16,Rain.Engine.Geometry.ITwoDimensional Rain.Engine.Texturing.TexturedFace::get_Face()
FNDA:0,Rain.Engine.Geometry.ITwoDimensional Rain.Engine.Texturing.TexturedFace::get_Face()
DA:17,0
FN:25,Rain.Engine.Texturing.Texture[] Rain.Engine.Texturing.TexturedFace::get_Textures()
FNDA:0,Rain.Engine.Texturing.Texture[] Rain.Engine.Texturing.TexturedFace::get_Textures()
DA:26,0
FN:28,System.Int32 Rain.Engine.Texturing.TexturedFace::GetBufferSize(Rain.Engine.Buffering.BufferType)
FNDA:0,System.Int32 Rain.Engine.Texturing.TexturedFace::GetBufferSize(Rain.Engine.Buffering.BufferType)
DA:29,0
DA:30,0
DA:31,0
DA:33,0
DA:34,0
BRDA:30,11,0,0
BRDA:30,11,1,0
FN:36,System.Array Rain.Engine.Texturing.TexturedFace::GetBufferableArray(Rain.Engine.Buffering.BufferType)
FNDA:0,System.Array Rain.Engine.Texturing.TexturedFace::GetBufferableArray(Rain.Engine.Buffering.BufferType)
DA:37,0
DA:38,0
DA:39,0
DA:40,0
DA:42,0
DA:43,0
DA:44,0
DA:46,0
DA:47,0
DA:48,0
DA:50,0
DA:53,0
DA:54,0
DA:56,0
BRDA:38,11,0,0
BRDA:42,128,1,0
BRDA:46,101,1,0
BRDA:46,101,0,0
BRDA:42,128,0,0
BRDA:38,11,1,0
LF:21
LH:0
BRF:8
BRH:0
FNF:4
FNH:0
end_of_record
SF:Z:\Users\evan\Developer\Rain\Rain.Engine\Texturing\TexturedFaceGroup.cs
FN:14,Rain.Engine.Texturing.TexturedFace Rain.Engine.Texturing.TexturedFaceGroup::get_Item(System.Int32)
FNDA:0,Rain.Engine.Texturing.TexturedFace Rain.Engine.Texturing.TexturedFaceGroup::get_Item(System.Int32)
DA:15,0
DA:16,0
DA:17,0
DA:18,0
DA:19,0
FN:21,System.Int32 Rain.Engine.Texturing.TexturedFaceGroup::get_Length()
FNDA:0,System.Int32 Rain.Engine.Texturing.TexturedFaceGroup::get_Length()
DA:22,0
FN:26,Rain.Engine.Geometry.ITwoDimensional[] Rain.Engine.Texturing.TexturedFaceGroup::get_Faces()
FNDA:0,Rain.Engine.Geometry.ITwoDimensional[] Rain.Engine.Texturing.TexturedFaceGroup::get_Faces()
DA:27,0
FN:31,Rain.Engine.Texturing.EfficientTextureArrayGroup Rain.Engine.Texturing.TexturedFaceGroup::get_Textures()
FNDA:0,Rain.Engine.Texturing.EfficientTextureArrayGroup Rain.Engine.Texturing.TexturedFaceGroup::get_Textures()
DA:32,0
FN:41,System.Void Rain.Engine.Texturing.TexturedFaceGroup::.ctor(Rain.Engine.Texturing.TexturedFace[])
FNDA:0,System.Void Rain.Engine.Texturing.TexturedFaceGroup::.ctor(Rain.Engine.Texturing.TexturedFace[])
DA:42,0
DA:43,0
DA:44,0
DA:46,0
DA:47,0
DA:48,0
DA:49,0
DA:50,0
DA:52,0
DA:53,0
DA:54,0
BRDA:46,67,1,0
BRDA:46,67,0,0
LF:19
LH:0
BRF:2
BRH:0
FNF:5
FNH:0
end_of_record
SF:Z:\Users\evan\Developer\Rain\Rain.Engine\Rendering\Solid.cs
FN:23,Rain.Engine.Texturing.TexturedFaceGroup Rain.Engine.Rendering.Solid::get_Faces()
FNDA:0,Rain.Engine.Texturing.TexturedFaceGroup Rain.Engine.Rendering.Solid::get_Faces()
DA:24,0
FN:25,System.UInt32[] Rain.Engine.Rendering.Solid::get_Elements()
FNDA:0,System.UInt32[] Rain.Engine.Rendering.Solid::get_Elements()
DA:26,0
FN:30,Rain.Engine.Geometry.Point[] Rain.Engine.Rendering.Solid::get_Points()
FNDA:0,Rain.Engine.Geometry.Point[] Rain.Engine.Rendering.Solid::get_Points()
DA:31,0
DA:32,0
DA:34,0
DA:35,0
DA:36,0
DA:38,0
DA:39,0
BRDA:34,122,1,0
BRDA:35,95,1,0
BRDA:35,95,0,0
BRDA:34,122,0,0
FN:41,System.Void Rain.Engine.Rendering.Solid::set_Points(Rain.Engine.Geometry.Point[])
FNDA:0,System.Void Rain.Engine.Rendering.Solid::set_Points(Rain.Engine.Geometry.Point[])
DA:42,0
DA:43,0
DA:45,0
DA:46,0
DA:47,0
DA:48,0
DA:50,0
DA:51,0
DA:52,0
BRDA:45,152,1,0
BRDA:47,90,1,0
BRDA:47,90,0,0
BRDA:45,152,0,0
FN:56,Rain.Engine.Geometry.Vertex Rain.Engine.Rendering.Solid::get_Location()
FNDA:0,Rain.Engine.Geometry.Vertex Rain.Engine.Rendering.Solid::get_Location()
DA:57,0
FN:57,System.Void Rain.Engine.Rendering.Solid::set_Location(Rain.Engine.Geometry.Vertex)
FNDA:0,System.Void Rain.Engine.Rendering.Solid::set_Location(Rain.Engine.Geometry.Vertex)
DA:58,0
FN:62,System.Single Rain.Engine.Rendering.Solid::get_LengthX()
FNDA:0,System.Single Rain.Engine.Rendering.Solid::get_LengthX()
DA:63,0
FN:63,System.Void Rain.Engine.Rendering.Solid::set_LengthX(System.Single)
FNDA:0,System.Void Rain.Engine.Rendering.Solid::set_LengthX(System.Single)
DA:64,0
FN:68,System.Single Rain.Engine.Rendering.Solid::get_LengthY()
FNDA:0,System.Single Rain.Engine.Rendering.Solid::get_LengthY()
DA:69,0
FN:69,System.Void Rain.Engine.Rendering.Solid::set_LengthY(System.Single)
FNDA:0,System.Void Rain.Engine.Rendering.Solid::set_LengthY(System.Single)
DA:70,0
FN:74,System.Single Rain.Engine.Rendering.Solid::get_LengthZ()
FNDA:0,System.Single Rain.Engine.Rendering.Solid::get_LengthZ()
DA:75,0
FN:75,System.Void Rain.Engine.Rendering.Solid::set_LengthZ(System.Single)
FNDA:0,System.Void Rain.Engine.Rendering.Solid::set_LengthZ(System.Single)
DA:76,0
FN:80,System.Single Rain.Engine.Rendering.Solid::get_RotationX()
FNDA:0,System.Single Rain.Engine.Rendering.Solid::get_RotationX()
DA:81,0
FN:81,System.Void Rain.Engine.Rendering.Solid::set_RotationX(System.Single)
FNDA:0,System.Void Rain.Engine.Rendering.Solid::set_RotationX(System.Single)
DA:82,0
FN:86,System.Single Rain.Engine.Rendering.Solid::get_RotationY()
FNDA:0,System.Single Rain.Engine.Rendering.Solid::get_RotationY()
DA:87,0
FN:87,System.Void Rain.Engine.Rendering.Solid::set_RotationY(System.Single)
FNDA:0,System.Void Rain.Engine.Rendering.Solid::set_RotationY(System.Single)
DA:88,0
FN:92,System.Single Rain.Engine.Rendering.Solid::get_RotationZ()
FNDA:0,System.Single Rain.Engine.Rendering.Solid::get_RotationZ()
DA:93,0
FN:93,System.Void Rain.Engine.Rendering.Solid::set_RotationZ(System.Single)
FNDA:0,System.Void Rain.Engine.Rendering.Solid::set_RotationZ(System.Single)
DA:94,0
FN:110,Rain.Engine.Geometry.Vertex Rain.Engine.Rendering.Solid::GetCenterVertex()
FNDA:0,Rain.Engine.Geometry.Vertex Rain.Engine.Rendering.Solid::GetCenterVertex()
DA:111,0
DA:112,0
DA:113,0
DA:115,0
DA:116,0
DA:118,0
DA:119,0
DA:121,0
DA:122,0
DA:123,0
DA:124,0
DA:125,0
DA:126,0
DA:128,0
DA:129,0
DA:130,0
DA:131,0
DA:133,0
DA:134,0
DA:135,0
DA:136,0
DA:137,0
DA:139,0
DA:140,0
DA:141,0
DA:143,0
DA:144,0
BRDA:121,417,1,0
BRDA:123,78,0,0
BRDA:123,78,1,0
BRDA:125,136,0,0
BRDA:125,136,1,0
BRDA:128,192,0,0
BRDA:128,192,1,0
BRDA:130,250,0,0
BRDA:130,250,1,0
BRDA:133,307,0,0
BRDA:133,307,1,0
BRDA:135,367,0,0
BRDA:135,367,1,0
BRDA:121,417,0,0
FN:146,System.Double Rain.Engine.Rendering.Solid::GetDistanceBetween(Rain.Engine.Geometry.ISpacial)
FNDA:0,System.Double Rain.Engine.Rendering.Solid::GetDistanceBetween(Rain.Engine.Geometry.ISpacial)
DA:147,0
DA:148,0
DA:149,0
DA:150,0
FN:152,System.Array Rain.Engine.Rendering.Solid::GetBufferableArray(Rain.Engine.Buffering.BufferType)
FNDA:0,System.Array Rain.Engine.Rendering.Solid::GetBufferableArray(Rain.Engine.Buffering.BufferType)
DA:153,0
DA:154,0
DA:155,0
DA:156,0
DA:158,0
DA:159,0
DA:160,0
DA:162,0
DA:163,0
DA:164,0
DA:166,0
DA:169,0
DA:170,0
DA:172,0
DA:173,0
DA:174,0
DA:175,0
DA:177,0
DA:178,0
DA:180,0
DA:181,0
BRDA:154,11,0,0
BRDA:158,106,1,0
BRDA:162,81,1,0
BRDA:162,81,0,0
BRDA:158,106,0,0
BRDA:154,11,1,0
BRDA:172,301,1,0
BRDA:174,233,1,0
BRDA:174,233,0,0
BRDA:172,301,0,0
FN:183,System.Int32 Rain.Engine.Rendering.Solid::GetBufferSize(Rain.Engine.Buffering.BufferType)
FNDA:0,System.Int32 Rain.Engine.Rendering.Solid::GetBufferSize(Rain.Engine.Buffering.BufferType)
DA:184,0
DA:185,0
DA:187,0
DA:188,0
DA:189,0
DA:191,0
DA:192,0
DA:194,0
DA:195,0
BRDA:187,13,0,0
BRDA:188,81,1,0
BRDA:187,13,1,0
BRDA:191,153,1,0
BRDA:188,81,0,0
BRDA:191,153,0,0
FN:197,System.Void Rain.Engine.Rendering.Solid::Translate(System.Single,System.Single,System.Single)
FNDA:0,System.Void Rain.Engine.Rendering.Solid::Translate(System.Single,System.Single,System.Single)
DA:198,0
FN:200,System.Void Rain.Engine.Rendering.Solid::Translate(Rain.Engine.Geometry.Vertex)
FNDA:0,System.Void Rain.Engine.Rendering.Solid::Translate(Rain.Engine.Geometry.Vertex)
DA:201,0
FN:203,System.Void Rain.Engine.Rendering.Solid::Scale(System.Single,System.Single,System.Single)
FNDA:0,System.Void Rain.Engine.Rendering.Solid::Scale(System.Single,System.Single,System.Single)
DA:204,0
DA:205,0
DA:206,0
DA:207,0
DA:208,0
DA:209,0
FN:211,System.Void Rain.Engine.Rendering.Solid::Rotate(System.Single,Rain.Engine.Geometry.Axes)
FNDA:0,System.Void Rain.Engine.Rendering.Solid::Rotate(System.Single,Rain.Engine.Geometry.Axes)
DA:212,0
FN:214,System.Void Rain.Engine.Rendering.Solid::Rotate(System.Single,Rain.Engine.Geometry.Axes,Rain.Engine.Geometry.RotationDirection)
FNDA:0,System.Void Rain.Engine.Rendering.Solid::Rotate(System.Single,Rain.Engine.Geometry.Axes,Rain.Engine.Geometry.RotationDirection)
DA:215,0
DA:216,0
DA:217,0
DA:219,0
DA:220,0
BRDA:216,7,0,0
BRDA:216,7,1,0
FN:222,System.Void Rain.Engine.Rendering.Solid::Rotate(System.Single,Rain.Engine.Geometry.Axes,Rain.Engine.Geometry.Vertex)
FNDA:0,System.Void Rain.Engine.Rendering.Solid::Rotate(System.Single,Rain.Engine.Geometry.Axes,Rain.Engine.Geometry.Vertex)
DA:223,0
DA:224,0
DA:225,0
DA:226,0
DA:228,0
DA:229,0
DA:230,0
DA:232,0
DA:235,0
DA:236,0
DA:239,0
DA:240,0
DA:243,0
DA:244,0
DA:246,0
BRDA:232,157,1,0
BRDA:232,157,2,0
BRDA:232,157,3,0
BRDA:232,157,0,0
FN:248,System.Void Rain.Engine.Rendering.Solid::Rotate(System.Single,Rain.Engine.Geometry.Axes,Rain.Engine.Geometry.RotationDirection,Rain.Engine.Geometry.Vertex)
FNDA:0,System.Void Rain.Engine.Rendering.Solid::Rotate(System.Single,Rain.Engine.Geometry.Axes,Rain.Engine.Geometry.RotationDirection,Rain.Engine.Geometry.Vertex)
DA:249,0
DA:250,0
DA:251,0
DA:253,0
DA:254,0
BRDA:250,7,0,0
BRDA:250,7,1,0
FN:256,Rain.Engine.Rendering.Solid Rain.Engine.Rendering.Solid::SolidFromITwoDimensional(Rain.Engine.Geometry.ITwoDimensional,Rain.Engine.Texturing.Texture[])
FNDA:0,Rain.Engine.Rendering.Solid Rain.Engine.Rendering.Solid::SolidFromITwoDimensional(Rain.Engine.Geometry.ITwoDimensional,Rain.Engine.Texturing.Texture[])
DA:257,0
DA:258,0
DA:259,0
DA:260,0
DA:261,0
DA:262,0
DA:263,0
DA:264,0
DA:265,0
DA:267,0
DA:268,0
DA:269,0
DA:270,0
DA:271,0
DA:272,0
DA:273,0
DA:274,0
DA:275,0
DA:277,0
DA:278,0
FN:280,System.Int32 Rain.Engine.Rendering.Solid::GetHashCode()
FNDA:0,System.Int32 Rain.Engine.Rendering.Solid::GetHashCode()
DA:281,0
FN:283,System.Boolean Rain.Engine.Rendering.Solid::Equals(Rain.Engine.Rendering.Solid)
FNDA:0,System.Boolean Rain.Engine.Rendering.Solid::Equals(Rain.Engine.Rendering.Solid)
DA:284,0
DA:285,0
DA:286,0
DA:288,0
DA:289,0
DA:291,0
DA:292,0
DA:294,0
DA:295,0
DA:296,0
DA:298,0
DA:299,0
BRDA:285,7,0,0
BRDA:285,7,1,0
BRDA:291,62,0,0
BRDA:291,62,1,0
BRDA:294,113,1,0
BRDA:295,90,0,0
BRDA:295,90,1,0
BRDA:294,113,0,0
FN:301,System.Boolean Rain.Engine.Rendering.Solid::Equals(System.Object)
FNDA:0,System.Boolean Rain.Engine.Rendering.Solid::Equals(System.Object)
DA:302,0
DA:303,0
DA:304,0
DA:306,0
DA:307,0
DA:309,0
DA:310,0
BRDA:303,7,0,0
BRDA:303,7,1,0
BRDA:306,36,0,0
BRDA:306,36,1,0
FN:311,Rain.Engine.Rendering.Solid Rain.Engine.Rendering.Solid::op_Multiply(Rain.Engine.Rendering.Solid,Rain.Engine.Geometry.TransformMatrix)
FNDA:0,Rain.Engine.Rendering.Solid Rain.Engine.Rendering.Solid::op_Multiply(Rain.Engine.Rendering.Solid,Rain.Engine.Geometry.TransformMatrix)
DA:312,0
FN:314,Rain.Engine.Rendering.Solid Rain.Engine.Rendering.Solid::op_Multiply(Rain.Engine.Geometry.TransformMatrix,Rain.Engine.Rendering.Solid)
FNDA:0,Rain.Engine.Rendering.Solid Rain.Engine.Rendering.Solid::op_Multiply(Rain.Engine.Geometry.TransformMatrix,Rain.Engine.Rendering.Solid)
DA:315,0
DA:316,0
DA:317,0
DA:319,0
DA:320,0
BRDA:316,48,1,0
BRDA:316,48,0,0
FN:321,System.Boolean Rain.Engine.Rendering.Solid::op_Equality(Rain.Engine.Rendering.Solid,Rain.Engine.Rendering.Solid)
FNDA:0,System.Boolean Rain.Engine.Rendering.Solid::op_Equality(Rain.Engine.Rendering.Solid,Rain.Engine.Rendering.Solid)
DA:322,0
FN:323,System.Boolean Rain.Engine.Rendering.Solid::op_Inequality(Rain.Engine.Rendering.Solid,Rain.Engine.Rendering.Solid)
FNDA:0,System.Boolean Rain.Engine.Rendering.Solid::op_Inequality(Rain.Engine.Rendering.Solid,Rain.Engine.Rendering.Solid)
DA:324,0
FN:17,System.Void Rain.Engine.Rendering.Solid::.ctor(Rain.Engine.Texturing.TexturedFaceGroup,Rain.Engine.Rendering.SolidOptions)
FNDA:0,System.Void Rain.Engine.Rendering.Solid::.ctor(Rain.Engine.Texturing.TexturedFaceGroup,Rain.Engine.Rendering.SolidOptions)
DA:18,0
DA:20,0
DA:22,0
DA:97,0
DA:98,0
DA:99,0
DA:100,0
DA:101,0
DA:103,0
DA:104,0
DA:105,0
DA:107,0
DA:108,0
LF:188
LH:0
BRF:60
BRH:0
FNF:38
FNH:0
end_of_record
SF:Z:\Users\evan\Developer\Rain\Rain.Engine\Geometry\ITransformable.cs
FN:34,System.Void Rain.Engine.Geometry.ITransformable::Translate(Rain.Engine.Geometry.Vertex)
FNDA:0,System.Void Rain.Engine.Geometry.ITransformable::Translate(Rain.Engine.Geometry.Vertex)
DA:35,0
LF:1
LH:0
BRF:0
BRH:0
FNF:1
FNH:0
end_of_record
SF:Z:\Users\evan\Developer\Rain\Rain.Engine\Geometry\ITwoDimensional.cs
FN:78,System.Void Rain.Engine.Geometry.ITwoDimensional::Translate(Rain.Engine.Geometry.Vertex)
FNDA:0,System.Void Rain.Engine.Geometry.ITwoDimensional::Translate(Rain.Engine.Geometry.Vertex)
DA:79,0
LF:1
LH:0
BRF:0
BRH:0
FNF:1
FNH:0
end_of_record
SF:Z:\Users\evan\Developer\Rain\Rain.Engine\Geometry\Point.cs
FN:15,Rain.Engine.Geometry.Vertex Rain.Engine.Geometry.Point::get_Location()
FNDA:0,Rain.Engine.Geometry.Vertex Rain.Engine.Geometry.Point::get_Location()
DA:16,0
FN:20,Rain.Engine.Geometry.Vertex Rain.Engine.Geometry.Point::get_Vertex()
FNDA:0,Rain.Engine.Geometry.Vertex Rain.Engine.Geometry.Point::get_Vertex()
DA:21,0
FN:25,Rain.Engine.Color Rain.Engine.Geometry.Point::get_Color()
FNDA:0,Rain.Engine.Color Rain.Engine.Geometry.Point::get_Color()
DA:26,0
FN:30,Rain.Engine.Geometry.TextureCoordinate Rain.Engine.Geometry.Point::get_TextureCoordinate()
FNDA:0,Rain.Engine.Geometry.TextureCoordinate Rain.Engine.Geometry.Point::get_TextureCoordinate()
DA:31,0
FN:105,System.Double Rain.Engine.Geometry.Point::GetDistanceBetween(Rain.Engine.Geometry.ISpacial)
FNDA:0,System.Double Rain.Engine.Geometry.Point::GetDistanceBetween(Rain.Engine.Geometry.ISpacial)
DA:106,0
DA:107,0
DA:108,0
DA:109,0
FN:111,System.Int32 Rain.Engine.Geometry.Point::GetBufferSize(Rain.Engine.Buffering.BufferType)
FNDA:0,System.Int32 Rain.Engine.Geometry.Point::GetBufferSize(Rain.Engine.Buffering.BufferType)
DA:112,0
DA:113,0
DA:114,0
DA:116,0
DA:117,0
BRDA:113,11,0,0
BRDA:113,11,1,0
FN:119,System.Array Rain.Engine.Geometry.Point::GetBufferableArray(Rain.Engine.Buffering.BufferType)
FNDA:0,System.Array Rain.Engine.Geometry.Point::GetBufferableArray(Rain.Engine.Buffering.BufferType)
DA:120,0
DA:121,0
DA:122,0
DA:124,0
DA:126,0
DA:127,0
DA:129,0
DA:130,0
DA:132,0
DA:133,0
DA:135,0
DA:136,0
BRDA:121,14,0,0
BRDA:121,14,1,0
BRDA:126,93,1,0
BRDA:126,93,0,0
BRDA:129,155,1,0
BRDA:129,155,0,0
BRDA:132,211,1,0
BRDA:132,211,0,0
FN:141,System.Void Rain.Engine.Geometry.Point::SetAttributes(Rain.Engine.ShaderProgram)
FNDA:0,System.Void Rain.Engine.Geometry.Point::SetAttributes(Rain.Engine.ShaderProgram)
DA:142,0
DA:147,0
DA:148,0
DA:149,0
DA:151,0
DA:152,0
DA:153,0
DA:154,0
DA:155,0
DA:157,0
DA:158,0
DA:159,0
DA:160,0
DA:161,0
DA:162,0
FN:39,System.Void Rain.Engine.Geometry.Point::.ctor(Rain.Engine.Geometry.Vertex)
FNDA:0,System.Void Rain.Engine.Geometry.Point::.ctor(Rain.Engine.Geometry.Vertex)
DA:40,0
DA:41,0
DA:42,0
DA:43,0
DA:44,0
DA:45,0
FN:57,System.Void Rain.Engine.Geometry.Point::.ctor(Rain.Engine.Geometry.Vertex,Rain.Engine.Color)
FNDA:0,System.Void Rain.Engine.Geometry.Point::.ctor(Rain.Engine.Geometry.Vertex,Rain.Engine.Color)
DA:58,0
DA:59,0
DA:60,0
DA:61,0
DA:62,0
DA:63,0
FN:75,System.Void Rain.Engine.Geometry.Point::.ctor(Rain.Engine.Geometry.Vertex,Rain.Engine.Geometry.TextureCoordinate)
FNDA:0,System.Void Rain.Engine.Geometry.Point::.ctor(Rain.Engine.Geometry.Vertex,Rain.Engine.Geometry.TextureCoordinate)
DA:76,0
DA:77,0
DA:78,0
DA:79,0
DA:80,0
DA:81,0
FN:97,System.Void Rain.Engine.Geometry.Point::.ctor(Rain.Engine.Geometry.Vertex,Rain.Engine.Color,Rain.Engine.Geometry.TextureCoordinate)
FNDA:0,System.Void Rain.Engine.Geometry.Point::.ctor(Rain.Engine.Geometry.Vertex,Rain.Engine.Color,Rain.Engine.Geometry.TextureCoordinate)
DA:98,0
DA:99,0
DA:100,0
DA:101,0
DA:102,0
DA:103,0
LF:64
LH:0
BRF:10
BRH:0
FNF:12
FNH:0
end_of_record
SF:Z:\Users\evan\Developer\Rain\Rain.Engine\Geometry\Rectangle.cs
FN:13,System.UInt32[] Rain.Engine.Geometry.Rectangle::get_Elements()
FNDA:0,System.UInt32[] Rain.Engine.Geometry.Rectangle::get_Elements()
DA:14,0
FN:15,Rain.Engine.Geometry.Point[] Rain.Engine.Geometry.Rectangle::get_Points()
FNDA:0,Rain.Engine.Geometry.Point[] Rain.Engine.Geometry.Rectangle::get_Points()
DA:16,0
FN:19,Rain.Engine.Geometry.Vertex Rain.Engine.Geometry.Rectangle::get_Location()
FNDA:0,Rain.Engine.Geometry.Vertex Rain.Engine.Geometry.Rectangle::get_Location()
DA:20,0
FN:20,System.Void Rain.Engine.Geometry.Rectangle::set_Location(Rain.Engine.Geometry.Vertex)
FNDA:0,System.Void Rain.Engine.Geometry.Rectangle::set_Location(Rain.Engine.Geometry.Vertex)
DA:21,0
FN:25,System.Single Rain.Engine.Geometry.Rectangle::get_Width()
FNDA:0,System.Single Rain.Engine.Geometry.Rectangle::get_Width()
DA:26,0
FN:26,System.Void Rain.Engine.Geometry.Rectangle::set_Width(System.Single)
FNDA:0,System.Void Rain.Engine.Geometry.Rectangle::set_Width(System.Single)
DA:27,0
FN:31,System.Single Rain.Engine.Geometry.Rectangle::get_Height()
FNDA:0,System.Single Rain.Engine.Geometry.Rectangle::get_Height()
DA:32,0
FN:32,System.Void Rain.Engine.Geometry.Rectangle::set_Height(System.Single)
FNDA:0,System.Void Rain.Engine.Geometry.Rectangle::set_Height(System.Single)
DA:33,0
FN:37,System.Single Rain.Engine.Geometry.Rectangle::get_RotationX()
FNDA:0,System.Single Rain.Engine.Geometry.Rectangle::get_RotationX()
DA:38,0
FN:38,System.Void Rain.Engine.Geometry.Rectangle::set_RotationX(System.Single)
FNDA:0,System.Void Rain.Engine.Geometry.Rectangle::set_RotationX(System.Single)
DA:39,0
FN:43,System.Single Rain.Engine.Geometry.Rectangle::get_RotationY()
FNDA:0,System.Single Rain.Engine.Geometry.Rectangle::get_RotationY()
DA:44,0
FN:44,System.Void Rain.Engine.Geometry.Rectangle::set_RotationY(System.Single)
FNDA:0,System.Void Rain.Engine.Geometry.Rectangle::set_RotationY(System.Single)
DA:45,0
FN:49,System.Single Rain.Engine.Geometry.Rectangle::get_RotationZ()
FNDA:0,System.Single Rain.Engine.Geometry.Rectangle::get_RotationZ()
DA:50,0
FN:50,System.Void Rain.Engine.Geometry.Rectangle::set_RotationZ(System.Single)
FNDA:0,System.Void Rain.Engine.Geometry.Rectangle::set_RotationZ(System.Single)
DA:51,0
FN:82,Rain.Engine.Geometry.Vertex Rain.Engine.Geometry.Rectangle::GetCenterVertex()
FNDA:0,Rain.Engine.Geometry.Vertex Rain.Engine.Geometry.Rectangle::GetCenterVertex()
DA:83,0
DA:84,0
DA:85,0
DA:87,0
DA:88,0
DA:90,0
DA:91,0
DA:93,0
DA:94,0
DA:95,0
DA:96,0
DA:97,0
DA:98,0
DA:100,0
DA:101,0
DA:102,0
DA:103,0
DA:105,0
DA:106,0
DA:107,0
DA:108,0
DA:109,0
DA:111,0
DA:112,0
DA:113,0
DA:115,0
DA:116,0
BRDA:93,417,1,0
BRDA:95,78,0,0
BRDA:95,78,1,0
BRDA:97,136,0,0
BRDA:97,136,1,0
BRDA:100,192,0,0
BRDA:100,192,1,0
BRDA:102,250,0,0
BRDA:102,250,1,0
BRDA:105,307,0,0
BRDA:105,307,1,0
BRDA:107,367,0,0
BRDA:107,367,1,0
BRDA:93,417,0,0
FN:118,System.Double Rain.Engine.Geometry.Rectangle::GetDistanceBetween(Rain.Engine.Geometry.ISpacial)
FNDA:0,System.Double Rain.Engine.Geometry.Rectangle::GetDistanceBetween(Rain.Engine.Geometry.ISpacial)
DA:119,0
DA:120,0
DA:121,0
DA:122,0
FN:124,System.Void Rain.Engine.Geometry.Rectangle::Translate(System.Single,System.Single,System.Single)
FNDA:0,System.Void Rain.Engine.Geometry.Rectangle::Translate(System.Single,System.Single,System.Single)
DA:125,0
FN:127,System.Void Rain.Engine.Geometry.Rectangle::Translate(Rain.Engine.Geometry.Vertex)
FNDA:0,System.Void Rain.Engine.Geometry.Rectangle::Translate(Rain.Engine.Geometry.Vertex)
DA:128,0
FN:130,System.Void Rain.Engine.Geometry.Rectangle::Scale(System.Single,System.Single)
FNDA:0,System.Void Rain.Engine.Geometry.Rectangle::Scale(System.Single,System.Single)
DA:131,0
FN:133,System.Void Rain.Engine.Geometry.Rectangle::Rotate(System.Single,Rain.Engine.Geometry.Axes)
FNDA:0,System.Void Rain.Engine.Geometry.Rectangle::Rotate(System.Single,Rain.Engine.Geometry.Axes)
DA:134,0
FN:136,System.Void Rain.Engine.Geometry.Rectangle::Rotate(System.Single,Rain.Engine.Geometry.Axes,Rain.Engine.Geometry.RotationDirection)
FNDA:0,System.Void Rain.Engine.Geometry.Rectangle::Rotate(System.Single,Rain.Engine.Geometry.Axes,Rain.Engine.Geometry.RotationDirection)
DA:137,0
DA:138,0
DA:139,0
DA:141,0
DA:142,0
BRDA:138,7,0,0
BRDA:138,7,1,0
FN:144,System.Void Rain.Engine.Geometry.Rectangle::Rotate(System.Single,Rain.Engine.Geometry.Axes,Rain.Engine.Geometry.Vertex)
FNDA:0,System.Void Rain.Engine.Geometry.Rectangle::Rotate(System.Single,Rain.Engine.Geometry.Axes,Rain.Engine.Geometry.Vertex)
DA:145,0
DA:146,0
DA:147,0
DA:148,0
DA:150,0
DA:151,0
DA:152,0
DA:154,0
DA:157,0
DA:158,0
DA:161,0
DA:162,0
DA:165,0
DA:166,0
DA:168,0
BRDA:154,157,1,0
BRDA:154,157,2,0
BRDA:154,157,3,0
BRDA:154,157,0,0
FN:170,System.Void Rain.Engine.Geometry.Rectangle::Rotate(System.Single,Rain.Engine.Geometry.Axes,Rain.Engine.Geometry.RotationDirection,Rain.Engine.Geometry.Vertex)
FNDA:0,System.Void Rain.Engine.Geometry.Rectangle::Rotate(System.Single,Rain.Engine.Geometry.Axes,Rain.Engine.Geometry.RotationDirection,Rain.Engine.Geometry.Vertex)
DA:171,0
DA:172,0
DA:173,0
DA:175,0
DA:176,0
BRDA:172,7,0,0
BRDA:172,7,1,0
FN:7,System.Void Rain.Engine.Geometry.Rectangle::.ctor(Rain.Engine.Geometry.Vertex,System.Single,System.Single)
FNDA:0,System.Void Rain.Engine.Geometry.Rectangle::.ctor(Rain.Engine.Geometry.Vertex,System.Single,System.Single)
DA:8,0
DA:10,0
DA:12,0
DA:54,0
DA:55,0
DA:56,0
DA:57,0
DA:59,0
DA:60,0
DA:61,0
DA:62,0
DA:63,0
DA:64,0
DA:65,0
DA:66,0
FN:67,System.Void Rain.Engine.Geometry.Rectangle::.ctor(Rain.Engine.Geometry.Vertex,System.Single,System.Single,Rain.Engine.Color)
FNDA:0,System.Void Rain.Engine.Geometry.Rectangle::.ctor(Rain.Engine.Geometry.Vertex,System.Single,System.Single,Rain.Engine.Color)
DA:68,0
DA:69,0
DA:70,0
DA:71,0
DA:73,0
DA:74,0
DA:75,0
DA:76,0
DA:77,0
DA:78,0
DA:79,0
DA:80,0
LF:101
LH:0
BRF:22
BRH:0
FNF:25
FNH:0
end_of_record
SF:Z:\Users\evan\Developer\Rain\Rain.Engine\Geometry\TextureCoordinate.cs
FN:18,System.Single Rain.Engine.Geometry.TextureCoordinate::get_X()
FNDA:0,System.Single Rain.Engine.Geometry.TextureCoordinate::get_X()
DA:19,0
FN:23,System.Single Rain.Engine.Geometry.TextureCoordinate::get_Y()
FNDA:0,System.Single Rain.Engine.Geometry.TextureCoordinate::get_Y()
DA:24,0
FN:25,System.Single[] Rain.Engine.Geometry.TextureCoordinate::get_Array()
FNDA:0,System.Single[] Rain.Engine.Geometry.TextureCoordinate::get_Array()
DA:26,0
FN:62,System.Int32 Rain.Engine.Geometry.TextureCoordinate::GetHashCode()
FNDA:0,System.Int32 Rain.Engine.Geometry.TextureCoordinate::GetHashCode()
DA:63,0
FN:65,System.Boolean Rain.Engine.Geometry.TextureCoordinate::Equals(System.Object)
FNDA:0,System.Boolean Rain.Engine.Geometry.TextureCoordinate::Equals(System.Object)
DA:66,0
DA:67,0
DA:68,0
DA:70,0
DA:71,0
DA:73,0
DA:74,0
BRDA:67,7,0,0
BRDA:67,7,1,0
BRDA:70,36,0,0
BRDA:70,36,1,0
FN:75,Rain.Engine.Geometry.TextureCoordinate Rain.Engine.Geometry.TextureCoordinate::op_Addition(Rain.Engine.Geometry.TextureCoordinate,Rain.Engine.Geometry.TextureCoordinate)
FNDA:0,Rain.Engine.Geometry.TextureCoordinate Rain.Engine.Geometry.TextureCoordinate::op_Addition(Rain.Engine.Geometry.TextureCoordinate,Rain.Engine.Geometry.TextureCoordinate)
DA:76,0
FN:77,Rain.Engine.Geometry.TextureCoordinate Rain.Engine.Geometry.TextureCoordinate::op_Subtraction(Rain.Engine.Geometry.TextureCoordinate,Rain.Engine.Geometry.TextureCoordinate)
FNDA:0,Rain.Engine.Geometry.TextureCoordinate Rain.Engine.Geometry.TextureCoordinate::op_Subtraction(Rain.Engine.Geometry.TextureCoordinate,Rain.Engine.Geometry.TextureCoordinate)
DA:78,0
FN:79,Rain.Engine.Geometry.TextureCoordinate Rain.Engine.Geometry.TextureCoordinate::op_Multiply(Rain.Engine.Geometry.TextureCoordinate,Rain.Engine.Geometry.TextureCoordinate)
FNDA:0,Rain.Engine.Geometry.TextureCoordinate Rain.Engine.Geometry.TextureCoordinate::op_Multiply(Rain.Engine.Geometry.TextureCoordinate,Rain.Engine.Geometry.TextureCoordinate)
DA:80,0
FN:81,Rain.Engine.Geometry.TextureCoordinate Rain.Engine.Geometry.TextureCoordinate::op_Division(Rain.Engine.Geometry.TextureCoordinate,Rain.Engine.Geometry.TextureCoordinate)
FNDA:0,Rain.Engine.Geometry.TextureCoordinate Rain.Engine.Geometry.TextureCoordinate::op_Division(Rain.Engine.Geometry.TextureCoordinate,Rain.Engine.Geometry.TextureCoordinate)
DA:82,0
FN:84,System.Boolean Rain.Engine.Geometry.TextureCoordinate::op_Equality(Rain.Engine.Geometry.TextureCoordinate,Rain.Engine.Geometry.TextureCoordinate)
FNDA:0,System.Boolean Rain.Engine.Geometry.TextureCoordinate::op_Equality(Rain.Engine.Geometry.TextureCoordinate,Rain.Engine.Geometry.TextureCoordinate)
DA:85,0
DA:86,0
DA:87,0
DA:88,0
DA:90,0
DA:91,0
BRDA:86,44,1,0
BRDA:87,28,0,0
BRDA:87,28,1,0
BRDA:86,44,0,0
FN:93,System.Boolean Rain.Engine.Geometry.TextureCoordinate::op_Inequality(Rain.Engine.Geometry.TextureCoordinate,Rain.Engine.Geometry.TextureCoordinate)
FNDA:0,System.Boolean Rain.Engine.Geometry.TextureCoordinate::op_Inequality(Rain.Engine.Geometry.TextureCoordinate,Rain.Engine.Geometry.TextureCoordinate)
DA:94,0
DA:95,0
DA:96,0
DA:97,0
DA:99,0
DA:100,0
BRDA:95,44,1,0
BRDA:96,28,0,0
BRDA:96,28,1,0
BRDA:95,44,0,0
FN:38,System.Void Rain.Engine.Geometry.TextureCoordinate::.ctor(System.Single,System.Single)
FNDA:0,System.Void Rain.Engine.Geometry.TextureCoordinate::.ctor(System.Single,System.Single)
DA:39,0
DA:40,0
DA:41,0
DA:42,0
DA:43,0
FN:55,System.Void Rain.Engine.Geometry.TextureCoordinate::.ctor(System.Single[])
FNDA:0,System.Void Rain.Engine.Geometry.TextureCoordinate::.ctor(System.Single[])
DA:56,0
DA:57,0
DA:58,0
DA:59,0
DA:60,0
LF:37
LH:0
BRF:12
BRH:0
FNF:13
FNH:0
end_of_record
SF:Z:\Users\evan\Developer\Rain\Rain.Engine\Geometry\TransformMatrix.cs
FN:10,Rain.Engine.Geometry.TransformType Rain.Engine.Geometry.TransformMatrix::get_TransformType()
FNDA:13,Rain.Engine.Geometry.TransformType Rain.Engine.Geometry.TransformMatrix::get_TransformType()
DA:11,13
FN:12,System.Single[0...,0...] Rain.Engine.Geometry.TransformMatrix::get_Matrix()
FNDA:256,System.Single[0...,0...] Rain.Engine.Geometry.TransformMatrix::get_Matrix()
DA:13,256
FN:42,Rain.Engine.Geometry.TransformMatrix Rain.Engine.Geometry.TransformMatrix::CreateScaleMatrix(System.Single,System.Single,System.Single)
FNDA:0,Rain.Engine.Geometry.TransformMatrix Rain.Engine.Geometry.TransformMatrix::CreateScaleMatrix(System.Single,System.Single,System.Single)
DA:43,0
DA:44,0
DA:45,0
DA:46,0
DA:47,0
DA:48,0
DA:49,0
DA:50,0
DA:52,0
DA:53,0
FN:55,Rain.Engine.Geometry.TransformMatrix Rain.Engine.Geometry.TransformMatrix::CreateTranslationMatrix(System.Single,System.Single,System.Single)
FNDA:3,Rain.Engine.Geometry.TransformMatrix Rain.Engine.Geometry.TransformMatrix::CreateTranslationMatrix(System.Single,System.Single,System.Single)
DA:56,3
DA:57,3
DA:58,3
DA:59,3
DA:60,3
DA:61,3
DA:62,3
DA:63,3
DA:65,3
DA:66,3
FN:76,Rain.Engine.Geometry.TransformMatrix Rain.Engine.Geometry.TransformMatrix::CreateRotationMatrix(System.Single,Rain.Engine.Geometry.Axes)
FNDA:3,Rain.Engine.Geometry.TransformMatrix Rain.Engine.Geometry.TransformMatrix::CreateRotationMatrix(System.Single,Rain.Engine.Geometry.Axes)
DA:77,3
DA:78,3
DA:79,3
DA:80,3
DA:82,3
DA:83,1
DA:84,1
DA:85,1
DA:86,1
DA:87,1
DA:88,1
DA:89,1
DA:90,1
DA:91,1
DA:92,2
DA:93,0
DA:94,0
DA:95,0
DA:96,0
DA:97,0
DA:98,0
DA:99,0
DA:100,0
DA:101,0
DA:102,2
DA:103,2
DA:104,2
DA:105,2
DA:106,2
DA:107,2
DA:108,2
DA:109,2
DA:110,2
DA:111,2
DA:113,3
DA:114,3
BRDA:82,43,0,1
BRDA:82,43,1,2
BRDA:92,131,0,0
BRDA:92,131,1,2
BRDA:102,216,0,2
BRDA:102,216,1,3
FN:116,System.Single Rain.Engine.Geometry.TransformMatrix::DegreesToRadians(System.Single)
FNDA:6,System.Single Rain.Engine.Geometry.TransformMatrix::DegreesToRadians(System.Single)
DA:117,6
FN:119,System.Int32 Rain.Engine.Geometry.TransformMatrix::GetHashCode()
FNDA:0,System.Int32 Rain.Engine.Geometry.TransformMatrix::GetHashCode()
DA:120,0
FN:122,System.Boolean Rain.Engine.Geometry.TransformMatrix::Equals(System.Object)
FNDA:0,System.Boolean Rain.Engine.Geometry.TransformMatrix::Equals(System.Object)
DA:123,0
DA:124,0
DA:125,0
DA:127,0
DA:128,0
DA:130,0
DA:131,0
BRDA:124,7,0,0
BRDA:124,7,1,0
BRDA:127,36,0,0
BRDA:127,36,1,0
FN:133,Rain.Engine.Geometry.TransformMatrix Rain.Engine.Geometry.TransformMatrix::op_Multiply(Rain.Engine.Geometry.TransformMatrix,Rain.Engine.Geometry.TransformMatrix)
FNDA:1,Rain.Engine.Geometry.TransformMatrix Rain.Engine.Geometry.TransformMatrix::op_Multiply(Rain.Engine.Geometry.TransformMatrix,Rain.Engine.Geometry.TransformMatrix)
DA:134,1
DA:135,1
DA:136,1
DA:138,10
DA:139,40
DA:140,16
DA:142,10
DA:143,40
DA:144,160
DA:145,64
DA:147,1
DA:148,1
DA:150,0
DA:151,1
BRDA:138,61,1,4
BRDA:139,47,1,16
BRDA:139,47,0,4
BRDA:138,61,0,1
BRDA:142,174,1,4
BRDA:143,157,1,16
BRDA:144,140,1,64
BRDA:144,140,0,16
BRDA:143,157,0,4
BRDA:142,174,0,1
BRDA:147,196,0,1
BRDA:147,196,1,0
FN:153,Rain.Engine.Geometry.Vertex Rain.Engine.Geometry.TransformMatrix::op_Multiply(Rain.Engine.Geometry.TransformMatrix,Rain.Engine.Geometry.Vertex)
FNDA:6,Rain.Engine.Geometry.Vertex Rain.Engine.Geometry.TransformMatrix::op_Multiply(Rain.Engine.Geometry.TransformMatrix,Rain.Engine.Geometry.Vertex)
DA:154,6
DA:155,6
DA:156,6
DA:158,60
DA:159,24
DA:161,60
DA:162,240
DA:163,96
DA:165,6
DA:166,6
BRDA:158,39,1,24
BRDA:158,39,0,6
BRDA:161,124,1,24
BRDA:162,110,1,96
BRDA:162,110,0,24
BRDA:161,124,0,6
FN:167,Rain.Engine.Geometry.Vertex Rain.Engine.Geometry.TransformMatrix::op_Multiply(Rain.Engine.Geometry.Vertex,Rain.Engine.Geometry.TransformMatrix)
FNDA:3,Rain.Engine.Geometry.Vertex Rain.Engine.Geometry.TransformMatrix::op_Multiply(Rain.Engine.Geometry.Vertex,Rain.Engine.Geometry.TransformMatrix)
DA:168,3
FN:169,Rain.Engine.Geometry.ITwoDimensional Rain.Engine.Geometry.TransformMatrix::op_Multiply(Rain.Engine.Geometry.ITwoDimensional,Rain.Engine.Geometry.TransformMatrix)
FNDA:0,Rain.Engine.Geometry.ITwoDimensional Rain.Engine.Geometry.TransformMatrix::op_Multiply(Rain.Engine.Geometry.ITwoDimensional,Rain.Engine.Geometry.TransformMatrix)
DA:170,0
FN:172,Rain.Engine.Geometry.ITwoDimensional Rain.Engine.Geometry.TransformMatrix::op_Multiply(Rain.Engine.Geometry.TransformMatrix,Rain.Engine.Geometry.ITwoDimensional)
FNDA:0,Rain.Engine.Geometry.ITwoDimensional Rain.Engine.Geometry.TransformMatrix::op_Multiply(Rain.Engine.Geometry.TransformMatrix,Rain.Engine.Geometry.ITwoDimensional)
DA:173,0
DA:174,0
DA:175,0
DA:177,0
DA:178,0
BRDA:174,48,1,0
BRDA:174,48,0,0
FN:180,System.Boolean Rain.Engine.Geometry.TransformMatrix::op_Equality(Rain.Engine.Geometry.TransformMatrix,Rain.Engine.Geometry.TransformMatrix)
FNDA:1,System.Boolean Rain.Engine.Geometry.TransformMatrix::op_Equality(Rain.Engine.Geometry.TransformMatrix,Rain.Engine.Geometry.TransformMatrix)
DA:181,1
DA:182,10
DA:183,40
DA:184,16
DA:185,0
DA:187,1
DA:188,1
BRDA:182,76,1,4
BRDA:183,62,1,16
BRDA:184,44,0,0
BRDA:184,44,1,16
BRDA:183,62,0,4
BRDA:182,76,0,1
FN:189,System.Boolean Rain.Engine.Geometry.TransformMatrix::op_Inequality(Rain.Engine.Geometry.TransformMatrix,Rain.Engine.Geometry.TransformMatrix)
FNDA:0,System.Boolean Rain.Engine.Geometry.TransformMatrix::op_Inequality(Rain.Engine.Geometry.TransformMatrix,Rain.Engine.Geometry.TransformMatrix)
DA:190,0
FN:17,System.Void Rain.Engine.Geometry.TransformMatrix::.ctor()
FNDA:0,System.Void Rain.Engine.Geometry.TransformMatrix::.ctor()
DA:18,0
DA:19,0
DA:20,0
DA:21,0
DA:22,0
DA:23,0
DA:24,0
DA:25,0
DA:27,0
DA:28,0
FN:30,System.Void Rain.Engine.Geometry.TransformMatrix::.ctor(System.Single[0...,0...])
FNDA:3,System.Void Rain.Engine.Geometry.TransformMatrix::.ctor(System.Single[0...,0...])
DA:31,3
FN:33,System.Void Rain.Engine.Geometry.TransformMatrix::.ctor(System.Single[0...,0...],Rain.Engine.Geometry.TransformType)
FNDA:10,System.Void Rain.Engine.Geometry.TransformMatrix::.ctor(System.Single[0...,0...],Rain.Engine.Geometry.TransformType)
DA:34,10
DA:35,10
DA:36,0
DA:38,10
DA:39,10
DA:40,10
BRDA:35,16,0,0
BRDA:35,16,1,10
LF:123
LH:76
BRF:38
BRH:28
FNF:18
FNH:11
end_of_record
SF:Z:\Users\evan\Developer\Rain\Rain.Engine\Geometry\Triangle.cs
FN:17,System.UInt32[] Rain.Engine.Geometry.Triangle::get_Elements()
FNDA:0,System.UInt32[] Rain.Engine.Geometry.Triangle::get_Elements()
DA:18,0
FN:19,Rain.Engine.Geometry.Point[] Rain.Engine.Geometry.Triangle::get_Points()
FNDA:0,Rain.Engine.Geometry.Point[] Rain.Engine.Geometry.Triangle::get_Points()
DA:20,0
FN:23,Rain.Engine.Geometry.Vertex Rain.Engine.Geometry.Triangle::get_Location()
FNDA:0,Rain.Engine.Geometry.Vertex Rain.Engine.Geometry.Triangle::get_Location()
DA:24,0
FN:24,System.Void Rain.Engine.Geometry.Triangle::set_Location(Rain.Engine.Geometry.Vertex)
FNDA:0,System.Void Rain.Engine.Geometry.Triangle::set_Location(Rain.Engine.Geometry.Vertex)
DA:25,0
FN:29,System.Single Rain.Engine.Geometry.Triangle::get_Width()
FNDA:0,System.Single Rain.Engine.Geometry.Triangle::get_Width()
DA:30,0
FN:30,System.Void Rain.Engine.Geometry.Triangle::set_Width(System.Single)
FNDA:0,System.Void Rain.Engine.Geometry.Triangle::set_Width(System.Single)
DA:31,0
FN:35,System.Single Rain.Engine.Geometry.Triangle::get_Height()
FNDA:0,System.Single Rain.Engine.Geometry.Triangle::get_Height()
DA:36,0
FN:36,System.Void Rain.Engine.Geometry.Triangle::set_Height(System.Single)
FNDA:0,System.Void Rain.Engine.Geometry.Triangle::set_Height(System.Single)
DA:37,0
FN:41,System.Single Rain.Engine.Geometry.Triangle::get_RotationX()
FNDA:0,System.Single Rain.Engine.Geometry.Triangle::get_RotationX()
DA:42,0
FN:42,System.Void Rain.Engine.Geometry.Triangle::set_RotationX(System.Single)
FNDA:0,System.Void Rain.Engine.Geometry.Triangle::set_RotationX(System.Single)
DA:43,0
FN:47,System.Single Rain.Engine.Geometry.Triangle::get_RotationY()
FNDA:0,System.Single Rain.Engine.Geometry.Triangle::get_RotationY()
DA:48,0
FN:48,System.Void Rain.Engine.Geometry.Triangle::set_RotationY(System.Single)
FNDA:0,System.Void Rain.Engine.Geometry.Triangle::set_RotationY(System.Single)
DA:49,0
FN:53,System.Single Rain.Engine.Geometry.Triangle::get_RotationZ()
FNDA:0,System.Single Rain.Engine.Geometry.Triangle::get_RotationZ()
DA:54,0
FN:54,System.Void Rain.Engine.Geometry.Triangle::set_RotationZ(System.Single)
FNDA:0,System.Void Rain.Engine.Geometry.Triangle::set_RotationZ(System.Single)
DA:55,0
FN:84,Rain.Engine.Geometry.Vertex Rain.Engine.Geometry.Triangle::GetCenterVertex()
FNDA:0,Rain.Engine.Geometry.Vertex Rain.Engine.Geometry.Triangle::GetCenterVertex()
DA:85,0
DA:86,0
DA:87,0
DA:89,0
DA:90,0
DA:92,0
DA:93,0
DA:95,0
DA:96,0
DA:97,0
DA:98,0
DA:99,0
DA:100,0
DA:102,0
DA:103,0
DA:104,0
DA:105,0
DA:107,0
DA:108,0
DA:109,0
DA:110,0
DA:111,0
DA:113,0
DA:114,0
DA:115,0
DA:117,0
DA:118,0
BRDA:95,417,1,0
BRDA:97,78,0,0
BRDA:97,78,1,0
BRDA:99,136,0,0
BRDA:99,136,1,0
BRDA:102,192,0,0
BRDA:102,192,1,0
BRDA:104,250,0,0
BRDA:104,250,1,0
BRDA:107,307,0,0
BRDA:107,307,1,0
BRDA:109,367,0,0
BRDA:109,367,1,0
BRDA:95,417,0,0
FN:120,System.Double Rain.Engine.Geometry.Triangle::GetDistanceBetween(Rain.Engine.Geometry.ISpacial)
FNDA:0,System.Double Rain.Engine.Geometry.Triangle::GetDistanceBetween(Rain.Engine.Geometry.ISpacial)
DA:121,0
DA:122,0
DA:123,0
DA:124,0
FN:126,System.Void Rain.Engine.Geometry.Triangle::Translate(System.Single,System.Single,System.Single)
FNDA:0,System.Void Rain.Engine.Geometry.Triangle::Translate(System.Single,System.Single,System.Single)
DA:127,0
FN:129,System.Void Rain.Engine.Geometry.Triangle::Translate(Rain.Engine.Geometry.Vertex)
FNDA:0,System.Void Rain.Engine.Geometry.Triangle::Translate(Rain.Engine.Geometry.Vertex)
DA:130,0
FN:132,System.Void Rain.Engine.Geometry.Triangle::Scale(System.Single,System.Single)
FNDA:0,System.Void Rain.Engine.Geometry.Triangle::Scale(System.Single,System.Single)
DA:133,0
DA:134,0
DA:135,0
DA:136,0
DA:137,0
FN:139,System.Void Rain.Engine.Geometry.Triangle::Rotate(System.Single,Rain.Engine.Geometry.Axes)
FNDA:0,System.Void Rain.Engine.Geometry.Triangle::Rotate(System.Single,Rain.Engine.Geometry.Axes)
DA:140,0
FN:142,System.Void Rain.Engine.Geometry.Triangle::Rotate(System.Single,Rain.Engine.Geometry.Axes,Rain.Engine.Geometry.RotationDirection)
FNDA:0,System.Void Rain.Engine.Geometry.Triangle::Rotate(System.Single,Rain.Engine.Geometry.Axes,Rain.Engine.Geometry.RotationDirection)
DA:143,0
DA:144,0
DA:145,0
DA:147,0
DA:148,0
BRDA:144,7,0,0
BRDA:144,7,1,0
FN:150,System.Void Rain.Engine.Geometry.Triangle::Rotate(System.Single,Rain.Engine.Geometry.Axes,Rain.Engine.Geometry.Vertex)
FNDA:0,System.Void Rain.Engine.Geometry.Triangle::Rotate(System.Single,Rain.Engine.Geometry.Axes,Rain.Engine.Geometry.Vertex)
DA:151,0
DA:152,0
DA:153,0
DA:154,0
DA:156,0
DA:157,0
DA:158,0
DA:160,0
DA:163,0
DA:164,0
DA:167,0
DA:168,0
DA:171,0
DA:172,0
DA:174,0
BRDA:160,157,1,0
BRDA:160,157,2,0
BRDA:160,157,3,0
BRDA:160,157,0,0
FN:176,System.Void Rain.Engine.Geometry.Triangle::Rotate(System.Single,Rain.Engine.Geometry.Axes,Rain.Engine.Geometry.RotationDirection,Rain.Engine.Geometry.Vertex)
FNDA:0,System.Void Rain.Engine.Geometry.Triangle::Rotate(System.Single,Rain.Engine.Geometry.Axes,Rain.Engine.Geometry.RotationDirection,Rain.Engine.Geometry.Vertex)
DA:177,0
DA:178,0
DA:179,0
DA:181,0
DA:182,0
BRDA:178,7,0,0
BRDA:178,7,1,0
FN:11,System.Void Rain.Engine.Geometry.Triangle::.ctor(Rain.Engine.Geometry.Vertex,System.Single,System.Single)
FNDA:0,System.Void Rain.Engine.Geometry.Triangle::.ctor(Rain.Engine.Geometry.Vertex,System.Single,System.Single)
DA:12,0
DA:14,0
DA:16,0
DA:58,0
DA:59,0
DA:60,0
DA:61,0
DA:62,0
DA:63,0
DA:64,0
DA:65,0
DA:67,0
DA:68,0
DA:69,0
FN:70,System.Void Rain.Engine.Geometry.Triangle::.ctor(Rain.Engine.Geometry.Vertex,System.Single,System.Single,Rain.Engine.Color)
FNDA:0,System.Void Rain.Engine.Geometry.Triangle::.ctor(Rain.Engine.Geometry.Vertex,System.Single,System.Single,Rain.Engine.Color)
DA:71,0
DA:72,0
DA:73,0
DA:74,0
DA:75,0
DA:76,0
DA:77,0
DA:78,0
DA:80,0
DA:81,0
DA:82,0
LF:103
LH:0
BRF:22
BRH:0
FNF:25
FNH:0
end_of_record
SF:Z:\Users\evan\Developer\Rain\Rain.Engine\Geometry\Vertex.cs
FN:17,Rain.Engine.Geometry.Vertex Rain.Engine.Geometry.Vertex::get_Location()
FNDA:0,Rain.Engine.Geometry.Vertex Rain.Engine.Geometry.Vertex::get_Location()
DA:18,0
FN:22,System.Single Rain.Engine.Geometry.Vertex::get_X()
FNDA:282,System.Single Rain.Engine.Geometry.Vertex::get_X()
DA:23,282
FN:27,System.Single Rain.Engine.Geometry.Vertex::get_Y()
FNDA:282,System.Single Rain.Engine.Geometry.Vertex::get_Y()
DA:28,282
FN:32,System.Single Rain.Engine.Geometry.Vertex::get_Z()
FNDA:282,System.Single Rain.Engine.Geometry.Vertex::get_Z()
DA:33,282
FN:37,System.Single Rain.Engine.Geometry.Vertex::get_W()
FNDA:282,System.Single Rain.Engine.Geometry.Vertex::get_W()
DA:38,282
FN:39,System.Single[] Rain.Engine.Geometry.Vertex::get_Array()
FNDA:264,System.Single[] Rain.Engine.Geometry.Vertex::get_Array()
DA:40,264
FN:126,System.Double Rain.Engine.Geometry.Vertex::GetDistanceBetween(Rain.Engine.Geometry.ISpacial)
FNDA:0,System.Double Rain.Engine.Geometry.Vertex::GetDistanceBetween(Rain.Engine.Geometry.ISpacial)
DA:127,0
DA:128,0
DA:129,0
DA:130,0
FN:138,OpenTK.Mathematics.Vector3 Rain.Engine.Geometry.Vertex::ToVector3()
FNDA:0,OpenTK.Mathematics.Vector3 Rain.Engine.Geometry.Vertex::ToVector3()
DA:139,0
FN:141,System.Int32 Rain.Engine.Geometry.Vertex::GetHashCode()
FNDA:0,System.Int32 Rain.Engine.Geometry.Vertex::GetHashCode()
DA:142,0
FN:144,System.Boolean Rain.Engine.Geometry.Vertex::Equals(Rain.Engine.Geometry.Vertex)
FNDA:6,System.Boolean Rain.Engine.Geometry.Vertex::Equals(Rain.Engine.Geometry.Vertex)
DA:145,6
DA:146,60
DA:147,24
DA:148,0
DA:150,6
DA:151,6
BRDA:146,45,1,24
BRDA:147,29,0,0
BRDA:147,29,1,24
BRDA:146,45,0,6
FN:153,System.Boolean Rain.Engine.Geometry.Vertex::Equals(System.Object)
FNDA:0,System.Boolean Rain.Engine.Geometry.Vertex::Equals(System.Object)
DA:154,0
DA:155,0
DA:156,0
DA:158,0
DA:159,0
DA:161,0
DA:162,0
BRDA:155,7,0,0
BRDA:155,7,1,0
BRDA:158,36,0,0
BRDA:158,36,1,0
FN:163,Rain.Engine.Geometry.Vertex Rain.Engine.Geometry.Vertex::op_Addition(Rain.Engine.Geometry.Vertex,Rain.Engine.Geometry.Vertex)
FNDA:0,Rain.Engine.Geometry.Vertex Rain.Engine.Geometry.Vertex::op_Addition(Rain.Engine.Geometry.Vertex,Rain.Engine.Geometry.Vertex)
DA:164,0
FN:165,Rain.Engine.Geometry.Vertex Rain.Engine.Geometry.Vertex::op_Subtraction(Rain.Engine.Geometry.Vertex,Rain.Engine.Geometry.Vertex)
FNDA:0,Rain.Engine.Geometry.Vertex Rain.Engine.Geometry.Vertex::op_Subtraction(Rain.Engine.Geometry.Vertex,Rain.Engine.Geometry.Vertex)
DA:166,0
FN:167,Rain.Engine.Geometry.Vertex Rain.Engine.Geometry.Vertex::op_Multiply(Rain.Engine.Geometry.Vertex,Rain.Engine.Geometry.Vertex)
FNDA:0,Rain.Engine.Geometry.Vertex Rain.Engine.Geometry.Vertex::op_Multiply(Rain.Engine.Geometry.Vertex,Rain.Engine.Geometry.Vertex)
DA:168,0
FN:169,Rain.Engine.Geometry.Vertex Rain.Engine.Geometry.Vertex::op_Division(Rain.Engine.Geometry.Vertex,Rain.Engine.Geometry.Vertex)
FNDA:0,Rain.Engine.Geometry.Vertex Rain.Engine.Geometry.Vertex::op_Division(Rain.Engine.Geometry.Vertex,Rain.Engine.Geometry.Vertex)
DA:170,0
FN:171,System.Boolean Rain.Engine.Geometry.Vertex::op_Equality(Rain.Engine.Geometry.Vertex,Rain.Engine.Geometry.Vertex)
FNDA:6,System.Boolean Rain.Engine.Geometry.Vertex::op_Equality(Rain.Engine.Geometry.Vertex,Rain.Engine.Geometry.Vertex)
DA:172,6
FN:173,System.Boolean Rain.Engine.Geometry.Vertex::op_Inequality(Rain.Engine.Geometry.Vertex,Rain.Engine.Geometry.Vertex)
FNDA:0,System.Boolean Rain.Engine.Geometry.Vertex::op_Inequality(Rain.Engine.Geometry.Vertex,Rain.Engine.Geometry.Vertex)
DA:174,0
FN:57,System.Void Rain.Engine.Geometry.Vertex::.ctor(System.Single,System.Single,System.Single)
FNDA:12,System.Void Rain.Engine.Geometry.Vertex::.ctor(System.Single,System.Single,System.Single)
DA:58,12
DA:59,12
DA:60,12
DA:61,12
DA:62,12
DA:63,12
FN:84,System.Void Rain.Engine.Geometry.Vertex::.ctor(System.Single,System.Single,System.Single,System.Single)
FNDA:0,System.Void Rain.Engine.Geometry.Vertex::.ctor(System.Single,System.Single,System.Single,System.Single)
DA:85,0
DA:86,0
DA:87,0
DA:88,0
DA:89,0
DA:90,0
FN:103,System.Void Rain.Engine.Geometry.Vertex::.ctor(System.Single[])
FNDA:6,System.Void Rain.Engine.Geometry.Vertex::.ctor(System.Single[])
DA:104,6
DA:105,6
DA:106,6
DA:107,6
DA:108,6
DA:109,6
FN:118,System.Void Rain.Engine.Geometry.Vertex::.ctor(OpenTK.Mathematics.Vector3)
FNDA:0,System.Void Rain.Engine.Geometry.Vertex::.ctor(OpenTK.Mathematics.Vector3)
DA:119,0
DA:120,0
DA:121,0
DA:122,0
DA:123,0
DA:124,0
LF:55
LH:23
BRF:8
BRH:3
FNF:21
FNH:9
end_of_record
SF:Z:\Users\evan\Developer\Rain\Rain.Engine\Extensions\Vector3Extensions.cs
FN:13,Rain.Engine.Geometry.Vertex Rain.Engine.Extensions.Vector3Extensions::ToVertex(OpenTK.Mathematics.Vector3)
FNDA:0,Rain.Engine.Geometry.Vertex Rain.Engine.Extensions.Vector3Extensions::ToVertex(OpenTK.Mathematics.Vector3)
DA:14,0
LF:1
LH:0
BRF:0
BRH:0
FNF:1
FNH:0
end_of_record
SF:Z:\Users\evan\Developer\Rain\Rain.Engine\Buffering\Buffer.cs
FN:19,System.Int32 Rain.Engine.Buffering.Buffer::get_Handle()
FNDA:0,System.Int32 Rain.Engine.Buffering.Buffer::get_Handle()
DA:20,0
FN:28,Rain.Engine.Buffering.BufferType Rain.Engine.Buffering.Buffer::get_Type()
FNDA:0,Rain.Engine.Buffering.BufferType Rain.Engine.Buffering.Buffer::get_Type()
DA:29,0
FN:53,System.Void Rain.Engine.Buffering.Buffer::BufferData(System.Array)
FNDA:0,System.Void Rain.Engine.Buffering.Buffer::BufferData(System.Array)
DA:54,0
DA:55,0
DA:57,0
DA:58,0
DA:59,0
DA:60,0
DA:62,0
DA:63,0
BRDA:57,40,0,0
BRDA:57,40,1,0
BRDA:57,60,0,0
BRDA:57,60,1,0
BRDA:59,119,0,0
BRDA:59,119,1,0
BRDA:59,139,0,0
BRDA:59,139,1,0
FN:76,System.Void Rain.Engine.Buffering.Buffer::BufferData(System.IntPtr,System.Int32)
FNDA:0,System.Void Rain.Engine.Buffering.Buffer::BufferData(System.IntPtr,System.Int32)
DA:77,0
DA:78,0
DA:80,0
DA:81,0
DA:83,0
DA:85,0
DA:86,0
BRDA:80,34,0,0
BRDA:80,34,1,0
FN:92,System.Void Rain.Engine.Buffering.Buffer::Dispose()
FNDA:0,System.Void Rain.Engine.Buffering.Buffer::Dispose()
DA:93,0
DA:94,0
DA:95,0
DA:96,0
FN:98,System.Void Rain.Engine.Buffering.Buffer::Dispose(System.Boolean)
FNDA:0,System.Void Rain.Engine.Buffering.Buffer::Dispose(System.Boolean)
DA:99,0
DA:100,0
DA:101,0
DA:103,0
DA:104,0
DA:105,0
DA:106,0
DA:107,0
DA:109,0
DA:110,0
BRDA:100,9,1,0
BRDA:103,16,0,0
BRDA:103,16,1,0
BRDA:100,9,0,0
FN:111,System.Void Rain.Engine.Buffering.Buffer::Finalize()
FNDA:0,System.Void Rain.Engine.Buffering.Buffer::Finalize()
DA:112,0
FN:37,System.Void Rain.Engine.Buffering.Buffer::.ctor(Rain.Engine.Buffering.BufferType)
FNDA:0,System.Void Rain.Engine.Buffering.Buffer::.ctor(Rain.Engine.Buffering.BufferType)
DA:38,0
DA:39,0
DA:40,0
DA:42,0
DA:43,0
DA:44,0
DA:90,0
LF:39
LH:0
BRF:14
BRH:0
FNF:8
FNH:0
end_of_record
SF:Z:\Users\evan\Developer\Rain\Rain.Engine\Buffering\BufferGroup.cs
FN:21,System.Int32 Rain.Engine.Buffering.BufferGroup::get_Handle()
FNDA:0,System.Int32 Rain.Engine.Buffering.BufferGroup::get_Handle()
DA:22,0
FN:47,System.Void Rain.Engine.Buffering.BufferGroup::BufferData(System.Collections.Generic.Dictionary`2<Rain.Engine.Buffering.BufferType,System.Array>)
FNDA:0,System.Void Rain.Engine.Buffering.BufferGroup::BufferData(System.Collections.Generic.Dictionary`2<Rain.Engine.Buffering.BufferType,System.Array>)
DA:48,0
DA:49,0
DA:51,0
DA:52,0
DA:53,0
BRDA:51,69,1,0
BRDA:51,69,0,0
FN:66,System.Void Rain.Engine.Buffering.BufferGroup::BufferData(Rain.Engine.Buffering.BufferType,System.Array)
FNDA:0,System.Void Rain.Engine.Buffering.BufferGroup::BufferData(Rain.Engine.Buffering.BufferType,System.Array)
DA:67,0
DA:68,0
DA:69,0
DA:70,0
FN:76,System.Void Rain.Engine.Buffering.BufferGroup::Dispose()
FNDA:0,System.Void Rain.Engine.Buffering.BufferGroup::Dispose()
DA:77,0
DA:78,0
DA:79,0
DA:80,0
FN:82,System.Void Rain.Engine.Buffering.BufferGroup::Dispose(System.Boolean)
FNDA:0,System.Void Rain.Engine.Buffering.BufferGroup::Dispose(System.Boolean)
DA:83,0
DA:84,0
DA:85,0
DA:87,0
DA:88,0
DA:89,0
DA:90,0
DA:92,0
DA:93,0
DA:94,0
DA:96,0
DA:97,0
BRDA:84,9,1,0
BRDA:87,16,0,0
BRDA:89,62,1,0
BRDA:89,62,0,0
BRDA:87,16,1,0
BRDA:84,9,0,0
FN:98,System.Void Rain.Engine.Buffering.BufferGroup::Finalize()
FNDA:0,System.Void Rain.Engine.Buffering.BufferGroup::Finalize()
DA:99,0
FN:26,System.Void Rain.Engine.Buffering.BufferGroup::.ctor(Rain.Engine.Buffering.Buffer[])
FNDA:0,System.Void Rain.Engine.Buffering.BufferGroup::.ctor(Rain.Engine.Buffering.Buffer[])
DA:27,0
DA:28,0
DA:29,0
DA:30,0
DA:31,0
DA:33,0
DA:34,0
DA:35,0
DA:36,0
DA:37,0
DA:38,0
DA:74,0
BRDA:33,112,1,0
BRDA:33,112,0,0
LF:39
LH:0
BRF:10
BRH:0
FNF:7
FNH:0
end_of_record